/mnt/HA/opt/python/anaconda3/lib/python3.6/site-packages/sklearn/svm/base.py:193: FutureWarning: The default value of gamma will change from 'auto' to 'scale' in version 0.22 to account better for unscaled features. Set gamma explicitly to 'auto' or 'scale' to avoid this warning.
  "avoid this warning.", FutureWarning)
/mnt/HA/opt/python/anaconda3/lib/python3.6/site-packages/sklearn/svm/base.py:193: FutureWarning: The default value of gamma will change from 'auto' to 'scale' in version 0.22 to account better for unscaled features. Set gamma explicitly to 'auto' or 'scale' to avoid this warning.
  "avoid this warning.", FutureWarning)
/mnt/HA/opt/python/anaconda3/lib/python3.6/site-packages/sklearn/svm/base.py:193: FutureWarning: The default value of gamma will change from 'auto' to 'scale' in version 0.22 to account better for unscaled features. Set gamma explicitly to 'auto' or 'scale' to avoid this warning.
  "avoid this warning.", FutureWarning)
Start SALAUG
Got all the file
Start Naive Bayes
Accuracy: 0.29450757575757575
Accuracy (2 dilutions): 0.5767045454545455
(array([[333,   0,  39, 157,  45,  66,  58],
       [  0,  32,   0,  11,   1,   0,   3],
       [  0,   0,   3,   0,   0,   0,   0],
       [  4,   6,   0,  66,   0,   4,   3],
       [  2,   4,   0,   0,  58,   0,   0],
       [  3,   0,   1,   1,   0,  18,   0],
       [  9,  14,   1,  13,   2,   0,  99]]), [0.0, 1.0, 2.0, 3.0, 4.0, 5.0, 6.0])
Start KNN
Accuracy: 0.7490530303030303
Accuracy (2 dilutions): 0.8087121212121212
(array([[650,   0,   0,  18,  13,   0,  17],
       [  0,  45,   0,   0,   1,   0,   1],
       [  2,   0,   1,   0,   0,   0,   0],
       [ 36,   0,   0,  43,   0,   0,   4],
       [ 31,   0,   0,   0,  31,   0,   2],
       [ 12,   0,   0,   0,   0,  11,   0],
       [ 62,   0,   0,   3,   0,   0,  73]]), [0.0, 1.0, 2.0, 3.0, 4.0, 5.0, 6.0])
Start SVM
Accuracy: 0.7973484848484849
Accuracy (2 dilutions): 0.865530303030303
(array([[673,   0,   0,   6,   8,   0,  11],
       [  0,  47,   0,   0,   0,   0,   0],
       [  2,   0,   1,   0,   0,   0,   0],
       [ 33,   0,   0,  47,   0,   0,   3],
       [ 30,   0,   0,   0,  33,   0,   1],
       [  6,   0,   0,   0,   0,  17,   0],
       [ 40,   0,   0,   2,   0,   0,  96]]), [0.0, 1.0, 2.0, 3.0, 4.0, 5.0, 6.0])
Start Decision tree
Accuracy: 0.8352272727272727
Accuracy (2 dilutions): 0.9583333333333333
(array([[676,   0,   4,   4,   5,   3,   6],
       [  0,  45,   0,   0,   2,   0,   0],
       [  0,   0,   3,   0,   0,   0,   0],
       [  5,   1,   0,  74,   0,   3,   0],
       [  4,   0,   0,   0,  60,   0,   0],
       [  0,   0,   0,   0,   0,  23,   0],
       [  4,   1,   0,   2,   0,   0, 131]]), [0.0, 1.0, 2.0, 3.0, 4.0, 5.0, 6.0])
Start Random Forest
Accuracy: 0.8806818181818182
Accuracy (2 dilutions): 0.9630681818181819
(array([[691,   0,   0,   3,   2,   0,   2],
       [  0,  47,   0,   0,   0,   0,   0],
       [  0,   0,   3,   0,   0,   0,   0],
       [ 13,   0,   0,  70,   0,   0,   0],
       [  8,   0,   0,   0,  56,   0,   0],
       [  0,   0,   0,   0,   0,  23,   0],
       [  8,   1,   0,   2,   0,   0, 127]]), [0.0, 1.0, 2.0, 3.0, 4.0, 5.0, 6.0])
Start AdaBoost
Accuracy: 0.7708333333333334
Accuracy (2 dilutions): 0.9090909090909091
(array([[663,   0,   0,   3,  18,   9,   5],
       [  0,  44,   0,   0,   1,   0,   2],
       [  0,   0,   0,   0,   3,   0,   0],
       [ 18,   0,   0,  61,   0,   4,   0],
       [ 24,   1,   0,   0,  39,   0,   0],
       [  2,   0,   0,   0,   0,  21,   0],
       [  5,   0,   0,   0,   1,   0, 132]]), [0.0, 1.0, 2.0, 3.0, 4.0, 5.0, 6.0])
Start Gradient Boosting
Accuracy: 0.8863636363636364
Accuracy (2 dilutions): 0.96875
(array([[688,   0,   3,   2,   2,   0,   3],
       [  0,  47,   0,   0,   0,   0,   0],
       [  0,   0,   3,   0,   0,   0,   0],
       [  6,   1,   0,  76,   0,   0,   0],
       [  6,   0,   1,   0,  57,   0,   0],
       [  0,   0,   0,   0,   0,  23,   0],
       [  5,   0,   2,   2,   0,   0, 129]]), [0.0, 1.0, 2.0, 3.0, 4.0, 5.0, 6.0])
Start SALCOT
Got all the file
Start Naive Bayes
Accuracy: 0.4053030303030303
Accuracy (2 dilutions): 0.6903409090909092
(array([[  1,   0,   2,   0,   0,   0,   0],
       [  0,  56,   0,   0,   0,   0,   5],
       [156,   0, 666,   1,   0,  49, 107],
       [  0,   0,   0,   0,   0,   0,   0],
       [  0,   0,   0,   0,   0,   0,   1],
       [  0,   0,   0,   0,   0,   0,   0],
       [  1,   2,   3,   0,   0,   0,   6]]), [-1.0, -2.0, -3.0, 0.0, 1.0, 2.0, 3.0])
Start KNN
Accuracy: 0.9308712121212122
Accuracy (2 dilutions): 0.9848484848484849
(array([[  0,   0,   3,   0,   0],
       [  0,  61,   0,   0,   0],
       [  0,   0, 979,   0,   0],
       [  0,   0,   1,   0,   0],
       [  0,   0,  12,   0,   0]]), [-1.0, -2.0, -3.0, 1.0, 3.0])
Start SVM
Accuracy: 0.9365530303030303
Accuracy (2 dilutions): 0.9867424242424242
(array([[  1,   0,   2,   0,   0],
       [  0,  61,   0,   0,   0],
       [  0,   0, 979,   0,   0],
       [  0,   0,   1,   0,   0],
       [  0,   1,  10,   0,   1]]), [-1.0, -2.0, -3.0, 1.0, 3.0])
Start Decision tree
Accuracy: 0.8977272727272727
Accuracy (2 dilutions): 0.9848484848484849
(array([[  2,   0,   1,   0,   0,   0],
       [  0,  61,   0,   0,   0,   0],
       [  4,   0, 970,   0,   1,   4],
       [  0,   0,   1,   0,   0,   0],
       [  0,   0,   0,   0,   0,   0],
       [  0,   0,   5,   0,   0,   7]]), [-1.0, -2.0, -3.0, 1.0, 2.0, 3.0])
Start Random Forest
Accuracy: 0.9441287878787878
Accuracy (2 dilutions): 0.9914772727272727
(array([[  2,   0,   1,   0,   0],
       [  0,  61,   0,   0,   0],
       [  0,   0, 979,   0,   0],
       [  0,   0,   1,   0,   0],
       [  0,   1,   6,   0,   5]]), [-1.0, -2.0, -3.0, 1.0, 3.0])
Start AdaBoost
Accuracy: 0.9270833333333334
Accuracy (2 dilutions): 0.984848484848485
(array([[  0,   0,   3,   0,   0],
       [  0,  61,   0,   0,   0],
       [  0,   0, 979,   0,   0],
       [  0,   0,   1,   0,   0],
       [  0,   0,  12,   0,   0]]), [-1.0, -2.0, -3.0, 1.0, 3.0])
Start Gradient Boosting
Accuracy: 0.9327651515151515
Accuracy (2 dilutions): 0.9829545454545454
(array([[  1,   0,   2,   0,   0,   0],
       [  0,  61,   0,   0,   0,   0],
       [  8,   0, 966,   1,   0,   4],
       [  0,   0,   0,   0,   0,   0],
       [  0,   0,   1,   0,   0,   0],
       [  0,   0,   2,   0,   0,  10]]), [-1.0, -2.0, -3.0, 0.0, 1.0, 3.0])
Start SALSTR
Got all the file
Start Naive Bayes
Accuracy: 0.5008944543828264
Accuracy (2 dilutions): 0.7942754919499105
(array([[  5,   0,   1,   0,   0,   0,   0],
       [  0,  31,   0,   1,   2,   0,   1],
       [  1,   0,  85,   0,   7,   4,   9],
       [  0,   0,   0,  30,   0,   1,   3],
       [  0,   4,   3,   0,   6,   0,   2],
       [  1,  13,   7,   8,   0, 136,   0],
       [  0,   5,  13,  19,  10,   0, 151]]), [1.0, 2.0, 3.0, 4.0, 5.0, 6.0, 7.0])
Start KNN
Accuracy: 0.5885509838998211
Accuracy (2 dilutions): 0.8461538461538461
(array([[  5,   0,   0,   0,   0,   1,   0],
       [  0,  29,   0,   0,   1,   5,   0],
       [  1,   0,  81,   0,   0,  12,  12],
       [  0,   0,   0,  25,   0,   2,   7],
       [  0,   1,   5,   0,   8,   0,   1],
       [  0,   3,  15,   0,   0, 147,   0],
       [  0,   3,  14,   2,   1,   0, 178]]), [1.0, 2.0, 3.0, 4.0, 5.0, 6.0, 7.0])
Start SVM
Accuracy: 0.6135957066189625
Accuracy (2 dilutions): 0.8747763864042934
(array([[  5,   0,   1,   0,   0,   0,   0],
       [  0,  32,   0,   0,   0,   0,   3],
       [  1,   0,  83,   0,   2,   4,  16],
       [  0,   0,   0,  21,   0,   3,  10],
       [  0,   1,   4,   0,   9,   0,   1],
       [  0,   1,  15,   0,   0, 149,   0],
       [  0,   0,   8,   0,   0,   0, 190]]), [1.0, 2.0, 3.0, 4.0, 5.0, 6.0, 7.0])
Start Decision tree
Accuracy: 0.592128801431127
Accuracy (2 dilutions): 0.9159212880143113
(array([[  4,   0,   2,   0,   0,   0,   0],
       [  0,  31,   0,   3,   1,   0,   0],
       [  0,   0,  90,   0,   3,   8,   5],
       [  0,   2,   0,  27,   0,   4,   1],
       [  0,   1,   2,   0,  12,   0,   0],
       [  1,   1,   2,   2,   0, 159,   0],
       [  0,   0,   3,   1,   5,   0, 189]]), [1.0, 2.0, 3.0, 4.0, 5.0, 6.0, 7.0])
Start Random Forest
Accuracy: 0.6601073345259392
Accuracy (2 dilutions): 0.9409660107334525
(array([[  5,   0,   1,   0,   0,   0,   0],
       [  0,  32,   0,   2,   0,   0,   1],
       [  0,   0,  95,   0,   3,   3,   5],
       [  0,   0,   0,  29,   0,   3,   2],
       [  0,   1,   3,   0,  11,   0,   0],
       [  1,   0,   4,   1,   0, 159,   0],
       [  0,   0,   3,   0,   0,   0, 195]]), [1.0, 2.0, 3.0, 4.0, 5.0, 6.0, 7.0])
Start AdaBoost
Accuracy: 0.5205724508050089
Accuracy (2 dilutions): 0.8676207513416816
(array([[  4,   0,   2,   0,   0,   0,   0],
       [  0,  34,   0,   0,   0,   0,   1],
       [  1,   0, 105,   0,   0,   0,   0],
       [  0,   0,   0,  33,   0,   0,   1],
       [  0,   0,   7,   0,   0,   0,   8],
       [  1,   0,  33,   0,   0, 131,   0],
       [  0,   0,  20,   0,   0,   0, 178]]), [1.0, 2.0, 3.0, 4.0, 5.0, 6.0, 7.0])
Start Gradient Boosting
Accuracy: 0.6654740608228981
Accuracy (2 dilutions): 0.9570661896243292
(array([[  5,   0,   1,   0,   0,   0,   0],
       [  0,  34,   0,   0,   1,   0,   0],
       [  0,   0, 101,   0,   2,   3,   0],
       [  0,   2,   0,  28,   0,   2,   2],
       [  0,   0,   4,   0,  11,   0,   0],
       [  0,   1,   3,   1,   0, 160,   0],
       [  0,   0,   1,   0,   1,   0, 196]]), [1.0, 2.0, 3.0, 4.0, 5.0, 6.0, 7.0])