SALAZI
Naive Bayes
Accuracy: 0.2605588044184535
Accuracy (2 dilutions): 0.6926575698505523
[[  2   0   0   0   0   1   0]
 [  0  90   0   6   8   7   7]
 [ 65   0 483   0  86  17  49]
 [  9 143   0 436   0  36  25]
 [  0   5   1   0  15   0   0]
 [  0   0   1   1   0   2   0]
 [  0   2   0   2   2   0  38]]
[0.0, 1.0, 2.0, 3.0, 4.0, 5.0, 6.0]
KNN
Accuracy: 0.589993502274204
Accuracy (2 dilutions): 0.9486679662118258
[[  1   0   1   1   0   0   0]
 [  0  91   0  24   0   0   3]
 [  0   0 692   0   0   0   8]
 [  0   2   0 642   0   0   5]
 [  0   0   5   0  16   0   0]
 [  0   0   1   3   0   0   0]
 [  0   1  10  15   0   0  18]]
[0.0, 1.0, 2.0, 3.0, 4.0, 5.0, 6.0]
SVM
Accuracy: 0.571150097465887
Accuracy (2 dilutions): 0.944769330734243
[[  1   0   2   0   0   0   0]
 [  0  91   0  25   0   0   2]
 [  0   0 688   0   0   0  12]
 [  0   1   0 644   0   0   4]
 [  0   0   4   0  17   0   0]
 [  0   0   2   2   0   0   0]
 [  0   3  19   9   0   0  13]]
[0.0, 1.0, 2.0, 3.0, 4.0, 5.0, 6.0]
Decision Tree
Accuracy: 0.43859649122807015
Accuracy (2 dilutions): 0.9044834307992202
[[  0   0   3   0   0   0   0]
 [  0  87   0  27   0   0   4]
 [  3   0 682   0   0   1  14]
 [  1  39   0 603   0   1   5]
 [  0   0  11   0  10   0   0]
 [  0   0   0   4   0   0   0]
 [  0   5  23   6   0   0  10]]
[0.0, 1.0, 2.0, 3.0, 4.0, 5.0, 6.0]
Random Forest
Accuracy: 0.4834307992202729
Accuracy (2 dilutions): 0.9233268356075373
[[  0   0   3   0   0   0   0]
 [  0  88   0  26   0   0   4]
 [  1   0 684   0   0   0  15]
 [  0  26   0 618   0   1   4]
 [  0   0   6   0  15   0   0]
 [  0   0   1   3   0   0   0]
 [  0   4  19   5   0   0  16]]
[0.0, 1.0, 2.0, 3.0, 4.0, 5.0, 6.0]
AdaBoost
Accuracy: 0.5347628330084471
Accuracy (2 dilutions): 0.9304743339831059
[[  0   0   2   1   0   0   0]
 [  0  65   0  53   0   0   0]
 [  0   0 700   0   0   0   0]
 [  1   0   0 648   0   0   0]
 [  0   0   2   0  19   0   0]
 [  0   0   0   4   0   0   0]
 [  0   0   8  36   0   0   0]]
[0.0, 1.0, 2.0, 3.0, 4.0, 5.0, 6.0]
GradientBoost
Accuracy: 0.002599090318388564
Accuracy (2 dilutions): 0.04483430799220273
[[  0   0   0   0   0   3   0]
 [  0   0   0   0   0 118   0]
 [  0   0   0   0   0 700   0]
 [  0   0   0   0   0 647   2]
 [  0   0   0   0  21   0   0]
 [  0   0   0   0   0   4   0]
 [  0   0   0   0   0   0  44]]
[0.0, 1.0, 2.0, 3.0, 4.0, 5.0, 6.0]