Start SALAUG
Got all the file
Start Naive Bayes
Accuracy: 0.29450757575757575
Accuracy (2 dilutions): 0.5767045454545455
(array([[333,   0,  39, 157,  45,  66,  58],
       [  0,  32,   0,  11,   1,   0,   3],
       [  0,   0,   3,   0,   0,   0,   0],
       [  4,   6,   0,  66,   0,   4,   3],
       [  2,   4,   0,   0,  58,   0,   0],
       [  3,   0,   1,   1,   0,  18,   0],
       [  9,  14,   1,  13,   2,   0,  99]]), [0.0, 1.0, 2.0, 3.0, 4.0, 5.0, 6.0])
Start KNN
Accuracy: 0.7490530303030303
Accuracy (2 dilutions): 0.8087121212121212
(array([[650,   0,   0,  18,  13,   0,  17],
       [  0,  45,   0,   0,   1,   0,   1],
       [  2,   0,   1,   0,   0,   0,   0],
       [ 36,   0,   0,  43,   0,   0,   4],
       [ 31,   0,   0,   0,  31,   0,   2],
       [ 12,   0,   0,   0,   0,  11,   0],
       [ 62,   0,   0,   3,   0,   0,  73]]), [0.0, 1.0, 2.0, 3.0, 4.0, 5.0, 6.0])
Start SVM
Accuracy: 0.7973484848484849
Accuracy (2 dilutions): 0.865530303030303
(array([[673,   0,   0,   6,   8,   0,  11],
       [  0,  47,   0,   0,   0,   0,   0],
       [  2,   0,   1,   0,   0,   0,   0],
       [ 33,   0,   0,  47,   0,   0,   3],
       [ 30,   0,   0,   0,  33,   0,   1],
       [  6,   0,   0,   0,   0,  17,   0],
       [ 40,   0,   0,   2,   0,   0,  96]]), [0.0, 1.0, 2.0, 3.0, 4.0, 5.0, 6.0])
Start Decision tree
Accuracy: 0.8352272727272727
Accuracy (2 dilutions): 0.9583333333333333
(array([[676,   0,   4,   4,   5,   3,   6],
       [  0,  45,   0,   0,   2,   0,   0],
       [  0,   0,   3,   0,   0,   0,   0],
       [  5,   1,   0,  74,   0,   3,   0],
       [  4,   0,   0,   0,  60,   0,   0],
       [  0,   0,   0,   0,   0,  23,   0],
       [  4,   1,   0,   2,   0,   0, 131]]), [0.0, 1.0, 2.0, 3.0, 4.0, 5.0, 6.0])
Start Random Forest
Accuracy: 0.8806818181818182
Accuracy (2 dilutions): 0.9630681818181819
(array([[691,   0,   0,   3,   2,   0,   2],
       [  0,  47,   0,   0,   0,   0,   0],
       [  0,   0,   3,   0,   0,   0,   0],
       [ 13,   0,   0,  70,   0,   0,   0],
       [  8,   0,   0,   0,  56,   0,   0],
       [  0,   0,   0,   0,   0,  23,   0],
       [  8,   1,   0,   2,   0,   0, 127]]), [0.0, 1.0, 2.0, 3.0, 4.0, 5.0, 6.0])
Start AdaBoost
Accuracy: 0.7708333333333334
Accuracy (2 dilutions): 0.9090909090909091
(array([[663,   0,   0,   3,  18,   9,   5],
       [  0,  44,   0,   0,   1,   0,   2],
       [  0,   0,   0,   0,   3,   0,   0],
       [ 18,   0,   0,  61,   0,   4,   0],
       [ 24,   1,   0,   0,  39,   0,   0],
       [  2,   0,   0,   0,   0,  21,   0],
       [  5,   0,   0,   0,   1,   0, 132]]), [0.0, 1.0, 2.0, 3.0, 4.0, 5.0, 6.0])
Start Gradient Boosting
Accuracy: 0.8863636363636364
Accuracy (2 dilutions): 0.96875
(array([[688,   0,   3,   2,   2,   0,   3],
       [  0,  47,   0,   0,   0,   0,   0],
       [  0,   0,   3,   0,   0,   0,   0],
       [  6,   1,   0,  76,   0,   0,   0],
       [  6,   0,   1,   0,  57,   0,   0],
       [  0,   0,   0,   0,   0,  23,   0],
       [  5,   0,   2,   2,   0,   0, 129]]), [0.0, 1.0, 2.0, 3.0, 4.0, 5.0, 6.0])