SALAMP
Naive Bayes
Accuracy: 0.4640151515151515
Accuracy (2 dilutions): 0.5918560606060607
[[307   0 136   2   0 158]
 [  0  75   0   0   0  21]
 [  0   0   4   0   0   1]
 [  0   0   0   0   0   0]
 [  0   0   0   0   1   0]
 [ 57  14  42   0   0 238]]
[0.0, 1.0, 2.0, 3.0, 5.0, 6.0]
KNN
Accuracy: 0.7376893939393939
Accuracy (2 dilutions): 0.8295454545454546
[[557   0   0   0  46]
 [  0  87   0   0   9]
 [  5   0   0   0   0]
 [  1   0   0   0   0]
 [109  10   0   0 232]]
[0.0, 1.0, 2.0, 5.0, 6.0]
SVM
Accuracy: 0.7954545454545454
Accuracy (2 dilutions): 0.890151515151515
[[578   0   0   0  25]
 [  0  94   0   0   2]
 [  5   0   0   0   0]
 [  1   0   0   0   0]
 [ 72  11   0   0 268]]
[0.0, 1.0, 2.0, 5.0, 6.0]
Decision Tree
Accuracy: 0.8380681818181818
Accuracy (2 dilutions): 0.9611742424242424
[[586   0   2   0  15]
 [  0  96   0   0   0]
 [  3   0   2   0   0]
 [  1   0   0   0   0]
 [ 15   5   0   0 331]]
[0.0, 1.0, 2.0, 5.0, 6.0]
Random Forest
Accuracy: 0.8702651515151515
Accuracy (2 dilutions): 0.9611742424242424
[[593   0   0   0  10]
 [  0  94   0   0   2]
 [  4   0   1   0   0]
 [  1   0   0   0   0]
 [ 20   4   0   0 327]]
[0.0, 1.0, 2.0, 5.0, 6.0]
AdaBoost
Accuracy: 0.7234848484848485
Accuracy (2 dilutions): 0.8134469696969697
[[597   0   0   0   0   6]
 [  0  95   0   0   0   1]
 [  5   0   0   0   0   0]
 [  0   0   0   0   0   0]
 [  1   0   0   0   0   0]
 [180   0   0   4   0 167]]
[0.0, 1.0, 2.0, 4.0, 5.0, 6.0]
GradientBoost
Accuracy: 0.8617424242424242
Accuracy (2 dilutions): 0.9564393939393939
[[586   0   9   1   0   7]
 [  0  95   0   0   0   1]
 [  4   0   1   0   0   0]
 [  0   0   0   0   0   0]
 [  1   0   0   0   0   0]
 [ 17   2   4   0   0 328]]
[0.0, 1.0, 2.0, 4.0, 5.0, 6.0]