SALAXO
Naive Bayes
Accuracy: 0.5066287878787878
Accuracy (2 dilutions): 0.6837121212121212
[[  5   0   0   0   0   0   0   0]
 [  0 609  23  72  76  15  96   1]
 [  0   0   2   0   0   0   0   0]
 [  0   3   0  27   0   0   1   0]
 [  1  11   2   0  51   0   6   0]
 [  4   3   3  12   0  24   0   0]
 [  1   4   0   0   0   0   4   0]
 [  0   0   0   0   0   0   0   0]]
[-1.0, -2.0, 2.0, 3.0, 4.0, 5.0, 6.0, 7.0]
KNN
Accuracy: 0.8778409090909091
Accuracy (2 dilutions): 0.9005681818181818
[[  5   0   0   0   0   0   0]
 [  0 884   0   2   6   0   0]
 [  0   1   1   0   0   0   0]
 [  0  18   0  13   0   0   0]
 [  0  38   0   0  33   0   0]
 [  0  30   0   1   0  15   0]
 [  0   9   0   0   0   0   0]]
[-1.0, -2.0, 2.0, 3.0, 4.0, 5.0, 6.0]
SVM
Accuracy: 0.8939393939393939
Accuracy (2 dilutions): 0.9289772727272727
[[  5   0   0   0   0   0   0]
 [  0 882   0   3   6   0   1]
 [  0   1   1   0   0   0   0]
 [  0   8   0  23   0   0   0]
 [  0  24   0   0  47   0   0]
 [  0  22   0   1   0  23   0]
 [  0   9   0   0   0   0   0]]
[-1.0, -2.0, 2.0, 3.0, 4.0, 5.0, 6.0]
Decision Tree
Accuracy: 0.9147727272727273
Accuracy (2 dilutions): 0.978219696969697
[[  5   0   0   0   0   0   0]
 [  0 886   2   2   1   0   1]
 [  0   0   2   0   0   0   0]
 [  0   1   0  28   0   2   0]
 [  0   5   0   0  64   0   2]
 [  0   2   0   1   0  43   0]
 [  0   2   0   1   1   0   5]]
[-1.0, -2.0, 2.0, 3.0, 4.0, 5.0, 6.0]
Random Forest
Accuracy: 0.9299242424242424
Accuracy (2 dilutions): 0.9801136363636364
[[  5   0   0   0   0   0   0]
 [  0 889   0   1   1   0   1]
 [  0   0   2   0   0   0   0]
 [  0   1   0  30   0   0   0]
 [  0   7   0   0  64   0   0]
 [  0   4   0   1   0  41   0]
 [  0   4   0   0   1   0   4]]
[-1.0, -2.0, 2.0, 3.0, 4.0, 5.0, 6.0]
AdaBoost
Accuracy: 0.9043560606060606
Accuracy (2 dilutions): 0.9801136363636364
[[  5   0   0   0   0   0   0]
 [  0 889   0   0   3   0   0]
 [  0   0   0   0   2   0   0]
 [  0   1   0  30   0   0   0]
 [  0   5   0   0  66   0   0]
 [  0   1   0   0   0  45   0]
 [  0   2   0   0   7   0   0]]
[-1.0, -2.0, 2.0, 3.0, 4.0, 5.0, 6.0]
GradientBoost
Accuracy: 0.9138257575757576
Accuracy (2 dilutions): 0.9772727272727272
[[  5   0   0   0   0   0   0]
 [  0 885   2   0   2   1   2]
 [  0   0   2   0   0   0   0]
 [  1   1   0  28   0   1   0]
 [  0   5   1   0  65   0   0]
 [  0   1   0   2   0  43   0]
 [  0   2   0   0   3   0   4]]
[-1.0, -2.0, 2.0, 3.0, 4.0, 5.0, 6.0]