SALCHL
Naive Bayes
Accuracy: 0.4479166666666667
Accuracy (2 dilutions): 0.8551136363636365
[[ 13   0   0   0   0   0]
 [  0 316   0  26   7  16]
 [ 18   0 527   0  46  31]
 [  0   1   0  16   0   1]
 [  0   1   0   0   1   0]
 [  0   0   4   2   0  30]]
[1.0, 2.0, 3.0, 4.0, 5.0, 6.0]
KNN
Accuracy: 0.7471590909090909
Accuracy (2 dilutions): 0.978219696969697
[[ 13   0   0   0   0   0]
 [  0 365   0   0   0   0]
 [  0   0 620   0   0   2]
 [  0   2   0  16   0   0]
 [  0   1   1   0   0   0]
 [  0   2  15   0   0  19]]
[1.0, 2.0, 3.0, 4.0, 5.0, 6.0]
SVM
Accuracy: 0.7547348484848485
Accuracy (2 dilutions): 0.9791666666666667
[[ 13   0   0   0   0   0]
 [  0 365   0   0   0   0]
 [  0   0 620   0   0   2]
 [  0   1   0  17   0   0]
 [  0   0   2   0   0   0]
 [  0   0  17   0   0  19]]
[1.0, 2.0, 3.0, 4.0, 5.0, 6.0]
Decision Tree
Accuracy: 0.6979166666666666
Accuracy (2 dilutions): 0.9857954545454545
[[ 12   0   1   0   0   0]
 [  0 362   0   2   0   1]
 [  1   0 616   0   3   2]
 [  0   1   0  17   0   0]
 [  0   0   1   0   1   0]
 [  0   1   2   0   0  33]]
[1.0, 2.0, 3.0, 4.0, 5.0, 6.0]
Random Forest
Accuracy: 0.7679924242424242
Accuracy (2 dilutions): 0.990530303030303
[[ 13   0   0   0   0   0]
 [  0 365   0   0   0   0]
 [  0   0 621   0   0   1]
 [  0   1   0  17   0   0]
 [  0   0   1   0   1   0]
 [  0   0   7   0   0  29]]
[1.0, 2.0, 3.0, 4.0, 5.0, 6.0]
AdaBoost
Accuracy: 0.7140151515151515
Accuracy (2 dilutions): 0.9621212121212122
[[ 13   0   0   0   0   0]
 [  0 365   0   0   0   0]
 [  1   0 621   0   0   0]
 [  0   1   0  17   0   0]
 [  0   0   2   0   0   0]
 [  0   9  27   0   0   0]]
[1.0, 2.0, 3.0, 4.0, 5.0, 6.0]
GradientBoost
Accuracy: 0.7585227272727273
Accuracy (2 dilutions): 0.9886363636363636
[[ 12   0   0   1   0   0]
 [  0 363   0   2   0   0]
 [  2   0 619   0   0   1]
 [  0   1   0  17   0   0]
 [  0   0   2   0   0   0]
 [  0   0   3   0   0  33]]
[1.0, 2.0, 3.0, 4.0, 5.0, 6.0]