Start SALCIP
Got all the file
Start Naive Bayes
Accuracy: 0.3806818181818182
Accuracy (2 dilutions): 0.6676136363636364
(array([[  3,   0,   0,   0,   0,   4,   0,   0],
       [  0,   3,   0,   0,   3,   0,   1,   0],
       [  0,   0,   0,   0,   0,   1,   0,   0],
       [  1,   0,   0,   3,   0,   1,   2,   0],
       [  6,   6,   0,   0, 125,   0,  14,   0],
       [ 35,   7,   0,  64,   0, 300,   0,   0],
       [ 19,  21,   7,  67,  90,   0, 271,   0],
       [  0,   0,   0,   0,   2,   0,   0,   0]]), [-1.0, -2.0, -3.0, -4.0, -5.0, -6.0, -7.0, 0.0])
Start KNN
Accuracy: 0.6287878787878788
Accuracy (2 dilutions): 0.8873106060606061
(array([[  0,   0,   0,   0,   1,   4,   2,   0],
       [  0,   0,   0,   0,   3,   1,   3,   0],
       [  0,   0,   0,   0,   0,   1,   0,   0],
       [  0,   0,   0,   2,   0,   1,   4,   0],
       [  0,   0,   0,   0,  83,   0,  68,   0],
       [  0,   0,   0,   0,   0, 406,   0,   0],
       [  0,   0,   0,   0,  29,   0, 446,   0],
       [  0,   0,   0,   0,   0,   1,   1,   0]]), [-1.0, -2.0, -3.0, -4.0, -5.0, -6.0, -7.0, 0.0])
Start SVM
Accuracy: 0.6676136363636364
Accuracy (2 dilutions): 0.8948863636363635
(array([[  0,   0,   0,   0,   0,   6,   1,   0],
       [  0,   1,   0,   0,   3,   0,   3,   0],
       [  0,   0,   0,   0,   0,   1,   0,   0],
       [  0,   0,   0,   2,   0,   1,   4,   0],
       [  0,   0,   0,   0,  83,   0,  68,   0],
       [  0,   0,   0,   0,   0, 406,   0,   0],
       [  0,   0,   0,   0,  22,   0, 453,   0],
       [  0,   0,   0,   0,   1,   1,   0,   0]]), [-1.0, -2.0, -3.0, -4.0, -5.0, -6.0, -7.0, 0.0])
Start Decision tree
Accuracy: 0.6335227272727273
Accuracy (2 dilutions): 0.8702651515151515
(array([[  2,   0,   0,   0,   1,   3,   1,   0],
       [  0,   1,   0,   0,   3,   0,   3,   0],
       [  0,   0,   0,   0,   0,   0,   1,   0],
       [  0,   0,   0,   4,   0,   1,   2,   0],
       [  0,   1,   0,   0,  97,   0,  53,   0],
       [  4,   0,   0,   4,   0, 397,   0,   1],
       [  0,   0,   1,   3,  52,   0, 418,   1],
       [  0,   0,   0,   0,   0,   1,   1,   0]]), [-1.0, -2.0, -3.0, -4.0, -5.0, -6.0, -7.0, 0.0])
Start Random Forest
Accuracy: 0.7140151515151515
Accuracy (2 dilutions): 0.9109848484848485
(array([[  2,   0,   0,   0,   1,   4,   0,   0],
       [  0,   1,   0,   0,   3,   0,   3,   0],
       [  0,   0,   0,   0,   0,   1,   0,   0],
       [  0,   0,   0,   2,   0,   0,   5,   0],
       [  0,   0,   0,   0, 100,   0,  51,   0],
       [  1,   0,   0,   0,   0, 405,   0,   0],
       [  0,   0,   0,   0,  23,   0, 452,   0],
       [  0,   0,   0,   0,   1,   1,   0,   0]]), [-1.0, -2.0, -3.0, -4.0, -5.0, -6.0, -7.0, 0.0])
Start AdaBoost
Accuracy: 0.48579545454545453
Accuracy (2 dilutions): 0.8617424242424243
(array([[  0,   0,   0,   0,   0,   1,   6,   0],
       [  0,   0,   0,   0,   1,   0,   6,   0],
       [  0,   0,   0,   0,   0,   0,   1,   0],
       [  0,   0,   0,   1,   0,   0,   6,   0],
       [  0,   0,   0,   0,  38,   0, 113,   0],
       [  0,   0,   0,   0,   0, 406,   0,   0],
       [  0,   0,   0,   0,  10,   0, 465,   0],
       [  0,   0,   0,   0,   0,   0,   2,   0]]), [-1.0, -2.0, -3.0, -4.0, -5.0, -6.0, -7.0, 0.0])
Start Gradient Boosting
Accuracy: 0.7376893939393939
Accuracy (2 dilutions): 0.9024621212121212
(array([[  2,   0,   0,   0,   0,   5,   0,   0,   0],
       [  0,   2,   0,   0,   2,   0,   3,   0,   0],
       [  0,   0,   0,   0,   0,   1,   0,   0,   0],
       [  0,   0,   0,   3,   0,   1,   3,   0,   0],
       [  1,   0,   0,   0,  97,   0,  53,   0,   0],
       [  1,   2,   0,   2,   0, 401,   0,   0,   0],
       [  1,   2,   0,   1,  22,   0, 448,   0,   1],
       [  0,   0,   0,   0,   0,   2,   0,   0,   0],
       [  0,   0,   0,   0,   0,   0,   0,   0,   0]]), [-1.0, -2.0, -3.0, -4.0, -5.0, -6.0, -7.0, 0.0, 1.0])