SALCIP
Naive Bayes
Validation index 0: Accuracy (2 dilutions): 0.6212121212121212
[[ 20   0   6   4   2   4   3   0   0]
 [  0 273   0  49   4   1 100   1   0]
 [  0   0  30   0   0   5   9   0   0]
 [  0   0   0   0   0   0   0   0   0]
 [  0   3   2   0   0   0   0   0   0]
 [  0   4   0   0   0   1   0   0   0]
 [  0   1   0   1   0   0   4   0   0]
 [  1   0   0   0   0   0   0   0   0]
 [  0   0   0   0   0   0   0   0   0]]
Validation index 1: Accuracy (2 dilutions): 0.6496212121212122
[[104   0  41  43  10  15   9   0   0]
 [  0 171   0  39   0   5   6   0   0]
 [  5   0  66   0   0   5   1   0   0]
 [  1   2   0   2   0   0   0   0   0]
 [  0   0   0   0   0   0   0   0   0]
 [  1   0   0   1   0   0   0   0   0]
 [  0   0   1   0   0   0   0   0   0]
 [  0   0   0   0   0   0   0   0   0]
 [  0   0   0   0   0   0   0   0   0]]
Validation index 2: Accuracy (2 dilutions): 0.6287878787878788
[[110   0  49  44   9  20   8   4   0]
 [  0 141   0  31   0   3  11   0   0]
 [  6   0  79   0   0   5   4   0   0]
 [  0   0   0   0   0   1   1   0   0]
 [  0   0   0   0   0   0   0   0   0]
 [  0   0   0   0   0   1   0   0   0]
 [  0   0   0   0   0   0   1   0   0]
 [  0   0   0   0   0   0   0   0   0]
 [  0   0   0   0   0   0   0   0   0]]
Validation index 3: Accuracy (2 dilutions): 0.6401515151515151
[[147   0  36  44   4  23   4   1   0]
 [  0 129   0  33   0   9  13   0   0]
 [  4   0  56   0   0  13   1   2   0]
 [  0   1   0   4   0   0   0   0   0]
 [  0   0   0   0   1   0   0   0   0]
 [  0   0   1   0   0   1   0   0   0]
 [  0   0   1   0   0   0   0   0   0]
 [  0   0   0   0   0   0   0   0   0]
 [  0   0   0   0   0   0   0   0   0]]
Validation index 4: Accuracy (2 dilutions): 0.6893939393939394
[[167   0  40  29   7  13  11   2   0]
 [  0 130   0  25   0   3  14   0   0]
 [ 10   0  61   0   0   5   4   1   0]
 [  0   0   0   2   0   0   0   0   0]
 [  0   0   0   0   0   0   0   0   0]
 [  0   0   0   0   0   4   0   0   0]
 [  0   0   0   0   0   0   0   0   0]
 [  0   0   0   0   0   0   0   0   0]
 [  0   0   0   0   0   0   0   0   0]]
Validation index 5: Accuracy (2 dilutions): 0.615530303030303
[[131   0  58  52   1  28   5   0   0]
 [  0 116   0  17   0   7  14   0   0]
 [  6   0  71   0   0   9   2   0   0]
 [  1   0   0   3   0   0   0   0   0]
 [  0   0   0   0   1   0   0   0   0]
 [  0   1   0   0   0   0   0   0   0]
 [  0   0   0   0   0   0   2   0   0]
 [  0   0   1   0   0   0   0   1   0]
 [  0   1   0   0   0   0   0   0   0]]
Validation index 6: Accuracy (2 dilutions): 0.6515151515151515
[[115   0  39  32   1  22   9   0   0]
 [  0 163   0  26   0   5  11   0   0]
 [  9   0  62   0   0  22   5   0   0]
 [  0   2   0   3   0   0   0   0   0]
 [  0   0   0   0   0   0   0   0   0]
 [  0   0   0   1   0   0   0   0   0]
 [  0   0   0   0   0   0   1   0   0]
 [  0   0   0   0   0   0   0   0   0]
 [  0   0   0   0   0   0   0   0   0]]
Validation index 7: Accuracy (2 dilutions): 0.6774193548387096
[[150   0  36  30   7   7   6   0   0]
 [  0 116   0  29   0   7  12   0   0]
 [ 14   0  87   0   3   8   7   0   0]
 [  2   2   0   2   0   0   0   0   0]
 [  0   0   0   0   0   0   0   0   0]
 [  0   0   0   0   0   1   0   0   0]
 [  0   0   0   0   0   0   1   0   0]
 [  0   0   0   0   0   0   0   0   0]
 [  0   0   0   0   0   0   0   0   0]]
Validation index 8: Accuracy (2 dilutions): 0.6584440227703985
[[129   0  41  41   6  13  10   0   0]
 [  0 145   0  19   0   5  21   0   0]
 [  6   0  60   0   0   4   6   0   0]
 [  1   1   0   4   0   1   0   0   0]
 [  0   1   0   0   1   0   0   0   0]
 [  0   2   0   0   0   0   0   0   0]
 [  0   1   0   0   0   0   7   0   0]
 [  0   0   1   0   0   0   0   1   0]
 [  0   0   0   0   0   0   0   0   0]]
Validation index 9: Accuracy (2 dilutions): 0.5540796963946869
[[183   0  83  74   6  26  15   0   0]
 [  0  41   0  13   0   0   6   0   0]
 [  1   0  63   0   0   5   3   1   0]
 [  0   0   0   2   0   0   0   0   0]
 [  0   0   0   0   0   0   0   0   0]
 [  0   0   2   0   0   1   0   0   0]
 [  0   0   0   0   0   0   1   0   0]
 [  0   0   0   0   0   0   0   1   0]
 [  0   0   0   0   0   0   0   0   0]]
Accuracy (2 dilutions): 0.6386155195215916
[[125   0  42  39   5  17   8   0   0]
 [  0 142   0  28   0   4  20   0   0]
 [  6   0  63   0   0   8   4   0   0]
 [  0   0   0   2   0   0   0   0   0]
 [  0   0   0   0   0   0   0   0   0]
 [  0   0   0   0   0   0   0   0   0]
 [  0   0   0   0   0   0   1   0   0]
 [  0   0   0   0   0   0   0   0   0]
 [  0   0   0   0   0   0   0   0   0]]
[-7.0, -6.0, -5.0, -4.0, -3.0, -2.0, -1.0, 0.0, 1.0]
KNN
Validation index 0: Accuracy (2 dilutions): 0.9261363636363636
[[ 36   0   3   0   0   0   0   0   0]
 [  0 428   0   0   0   0   0   0   0]
 [ 19   0  25   0   0   0   0   0   0]
 [  0   0   0   0   0   0   0   0   0]
 [  1   4   0   0   0   0   0   0   0]
 [  1   3   1   0   0   0   0   0   0]
 [  3   3   0   0   0   0   0   0   0]
 [  0   1   0   0   0   0   0   0   0]
 [  0   0   0   0   0   0   0   0   0]]
Validation index 1: Accuracy (2 dilutions): 0.8977272727272727
[[200   0  22   0   0   0   0   0   0]
 [  0 221   0   0   0   0   0   0   0]
 [ 25   0  52   0   0   0   0   0   0]
 [  2   2   0   1   0   0   0   0   0]
 [  0   0   0   0   0   0   0   0   0]
 [  2   0   0   0   0   0   0   0   0]
 [  0   0   1   0   0   0   0   0   0]
 [  0   0   0   0   0   0   0   0   0]
 [  0   0   0   0   0   0   0   0   0]]
Validation index 2: Accuracy (2 dilutions): 0.9053030303030303
[[235   0   9   0   0   0   0   0   0]
 [  0 186   0   0   0   0   0   0   0]
 [ 37   0  57   0   0   0   0   0   0]
 [  1   1   0   0   0   0   0   0   0]
 [  0   0   0   0   0   0   0   0   0]
 [  0   0   1   0   0   0   0   0   0]
 [  1   0   0   0   0   0   0   0   0]
 [  0   0   0   0   0   0   0   0   0]
 [  0   0   0   0   0   0   0   0   0]]
Validation index 3: Accuracy (2 dilutions): 0.9090909090909091
[[250   0   9   0   0   0   0   0   0]
 [  0 184   0   0   0   0   0   0   0]
 [ 34   0  42   0   0   0   0   0   0]
 [  0   1   0   4   0   0   0   0   0]
 [  0   1   0   0   0   0   0   0   0]
 [  0   1   1   0   0   0   0   0   0]
 [  1   0   0   0   0   0   0   0   0]
 [  0   0   0   0   0   0   0   0   0]
 [  0   0   0   0   0   0   0   0   0]]
Validation index 4: Accuracy (2 dilutions): 0.8882575757575758
[[257   0  12   0   0   0   0   0   0]
 [  0 172   0   0   0   0   0   0   0]
 [ 41   0  40   0   0   0   0   0   0]
 [  2   0   0   0   0   0   0   0   0]
 [  0   0   0   0   0   0   0   0   0]
 [  4   0   0   0   0   0   0   0   0]
 [  0   0   0   0   0   0   0   0   0]
 [  0   0   0   0   0   0   0   0   0]
 [  0   0   0   0   0   0   0   0   0]]
Validation index 5: Accuracy (2 dilutions): 0.8787878787878788
[[249   0  26   0   0   0   0   0   0]
 [  0 154   0   0   0   0   0   0   0]
 [ 28   0  60   0   0   0   0   0   0]
 [  2   1   0   1   0   0   0   0   0]
 [  1   0   0   0   0   0   0   0   0]
 [  0   1   0   0   0   0   0   0   0]
 [  2   0   0   0   0   0   0   0   0]
 [  1   1   0   0   0   0   0   0   0]
 [  1   0   0   0   0   0   0   0   0]]
Validation index 6: Accuracy (2 dilutions): 0.9109848484848485
[[207   0  11   0   0   0   0   0   0]
 [  0 205   0   0   0   0   0   0   0]
 [ 30   0  68   0   0   0   0   0   0]
 [  4   0   0   1   0   0   0   0   0]
 [  0   0   0   0   0   0   0   0   0]
 [  0   1   0   0   0   0   0   0   0]
 [  0   1   0   0   0   0   0   0   0]
 [  0   0   0   0   0   0   0   0   0]
 [  0   0   0   0   0   0   0   0   0]]
Validation index 7: Accuracy (2 dilutions): 0.8766603415559773
[[228   0   8   0   0   0   0   0   0]
 [  0 164   0   0   0   0   0   0   0]
 [ 51   0  68   0   0   0   0   0   0]
 [  4   0   0   2   0   0   0   0   0]
 [  0   0   0   0   0   0   0   0   0]
 [  0   0   1   0   0   0   0   0   0]
 [  0   1   0   0   0   0   0   0   0]
 [  0   0   0   0   0   0   0   0   0]
 [  0   0   0   0   0   0   0   0   0]]
Validation index 8: Accuracy (2 dilutions): 0.8842504743833017
[[223   0  17   0   0   0   0   0   0]
 [  0 190   0   0   0   0   0   0   0]
 [ 27   0  49   0   0   0   0   0   0]
 [  2   1   0   4   0   0   0   0   0]
 [  2   0   0   0   0   0   0   0   0]
 [  2   0   0   0   0   0   0   0   0]
 [  1   7   0   0   0   0   0   0   0]
 [  1   1   0   0   0   0   0   0   0]
 [  0   0   0   0   0   0   0   0   0]]
Validation index 9: Accuracy (2 dilutions): 0.8500948766603416
[[341   0  46   0   0   0   0   0   0]
 [  0  60   0   0   0   0   0   0   0]
 [ 27   0  46   0   0   0   0   0   0]
 [  1   0   0   1   0   0   0   0   0]
 [  0   0   0   0   0   0   0   0   0]
 [  1   0   2   0   0   0   0   0   0]
 [  0   1   0   0   0   0   0   0   0]
 [  1   0   0   0   0   0   0   0   0]
 [  0   0   0   0   0   0   0   0   0]]
Accuracy (2 dilutions): 0.8927293571387498
[[222   0  16   0   0   0   0   0   0]
 [  0 196   0   0   0   0   0   0   0]
 [ 31   0  50   0   0   0   0   0   0]
 [  1   0   0   1   0   0   0   0   0]
 [  0   0   0   0   0   0   0   0   0]
 [  1   0   0   0   0   0   0   0   0]
 [  0   1   0   0   0   0   0   0   0]
 [  0   0   0   0   0   0   0   0   0]
 [  0   0   0   0   0   0   0   0   0]]
[-7.0, -6.0, -5.0, -4.0, -3.0, -2.0, -1.0, 0.0, 1.0]
Random Forest
Validation index 0: Accuracy (2 dilutions): 0.9545454545454546
[[ 36   0   3   0   0   0   0   0   0]
 [  0 428   0   0   0   0   0   0   0]
 [  8   0  36   0   0   0   0   0   0]
 [  0   0   0   0   0   0   0   0   0]
 [  0   5   0   0   0   0   0   0   0]
 [  0   4   0   0   0   1   0   0   0]
 [  1   2   0   0   0   0   3   0   0]
 [  0   1   0   0   0   0   0   0   0]
 [  0   0   0   0   0   0   0   0   0]]
Validation index 1: Accuracy (2 dilutions): 0.9128787878787878
[[207   0  15   0   0   0   0   0   0]
 [  0 221   0   0   0   0   0   0   0]
 [ 24   0  53   0   0   0   0   0   0]
 [  2   2   0   1   0   0   0   0   0]
 [  0   0   0   0   0   0   0   0   0]
 [  2   0   0   0   0   0   0   0   0]
 [  1   0   0   0   0   0   0   0   0]
 [  0   0   0   0   0   0   0   0   0]
 [  0   0   0   0   0   0   0   0   0]]
Validation index 2: Accuracy (2 dilutions): 0.9071969696969697
[[239   0   5   0   0   0   0   0   0]
 [  0 186   0   0   0   0   0   0   0]
 [ 41   0  53   0   0   0   0   0   0]
 [  2   0   0   0   0   0   0   0   0]
 [  0   0   0   0   0   0   0   0   0]
 [  0   0   0   0   0   1   0   0   0]
 [  1   0   0   0   0   0   0   0   0]
 [  0   0   0   0   0   0   0   0   0]
 [  0   0   0   0   0   0   0   0   0]]
Validation index 3: Accuracy (2 dilutions): 0.9318181818181818
[[256   0   3   0   0   0   0   0   0]
 [  0 184   0   0   0   0   0   0   0]
 [ 28   0  48   0   0   0   0   0   0]
 [  1   0   0   4   0   0   0   0   0]
 [  0   1   0   0   0   0   0   0   0]
 [  0   0   2   0   0   0   0   0   0]
 [  0   1   0   0   0   0   0   0   0]
 [  0   0   0   0   0   0   0   0   0]
 [  0   0   0   0   0   0   0   0   0]]
Validation index 4: Accuracy (2 dilutions): 0.9261363636363636
[[261   0   8   0   0   0   0   0   0]
 [  0 172   0   0   0   0   0   0   0]
 [ 26   0  55   0   0   0   0   0   0]
 [  1   0   0   1   0   0   0   0   0]
 [  0   0   0   0   0   0   0   0   0]
 [  4   0   0   0   0   0   0   0   0]
 [  0   0   0   0   0   0   0   0   0]
 [  0   0   0   0   0   0   0   0   0]
 [  0   0   0   0   0   0   0   0   0]]
Validation index 5: Accuracy (2 dilutions): 0.9147727272727273
[[265   0  10   0   0   0   0   0   0]
 [  0 154   0   0   0   0   0   0   0]
 [ 27   0  61   0   0   0   0   0   0]
 [  1   0   0   3   0   0   0   0   0]
 [  1   0   0   0   0   0   0   0   0]
 [  0   1   0   0   0   0   0   0   0]
 [  2   0   0   0   0   0   0   0   0]
 [  1   1   0   0   0   0   0   0   0]
 [  0   1   0   0   0   0   0   0   0]]
Validation index 6: Accuracy (2 dilutions): 0.9204545454545454
[[206   0  12   0   0   0   0   0   0]
 [  0 205   0   0   0   0   0   0   0]
 [ 25   0  73   0   0   0   0   0   0]
 [  2   2   0   1   0   0   0   0   0]
 [  0   0   0   0   0   0   0   0   0]
 [  0   1   0   0   0   0   0   0   0]
 [  0   0   0   0   0   0   1   0   0]
 [  0   0   0   0   0   0   0   0   0]
 [  0   0   0   0   0   0   0   0   0]]
Validation index 7: Accuracy (2 dilutions): 0.905123339658444
[[231   0   5   0   0   0   0   0   0]
 [  0 164   0   0   0   0   0   0   0]
 [ 40   0  79   0   0   0   0   0   0]
 [  3   0   0   3   0   0   0   0   0]
 [  0   0   0   0   0   0   0   0   0]
 [  0   0   1   0   0   0   0   0   0]
 [  0   1   0   0   0   0   0   0   0]
 [  0   0   0   0   0   0   0   0   0]
 [  0   0   0   0   0   0   0   0   0]]
Validation index 8: Accuracy (2 dilutions): 0.9013282732447818
[[226   0  14   0   0   0   0   0   0]
 [  0 189   0   1   0   0   0   0   0]
 [ 25   0  51   0   0   0   0   0   0]
 [  1   2   0   4   0   0   0   0   0]
 [  2   0   0   0   0   0   0   0   0]
 [  0   2   0   0   0   0   0   0   0]
 [  0   4   0   0   0   0   4   0   0]
 [  0   1   0   0   0   0   0   1   0]
 [  0   0   0   0   0   0   0   0   0]]
Validation index 9: Accuracy (2 dilutions): 0.8804554079696395
[[358   0  29   0   0   0   0   0   0]
 [  0  60   0   0   0   0   0   0   0]
 [ 29   0  44   0   0   0   0   0   0]
 [  1   0   0   1   0   0   0   0   0]
 [  0   0   0   0   0   0   0   0   0]
 [  1   0   2   0   0   0   0   0   0]
 [  0   1   0   0   0   0   0   0   0]
 [  0   0   0   0   0   0   0   1   0]
 [  0   0   0   0   0   0   0   0   0]]
Accuracy (2 dilutions): 0.9154710051175895
[[228   0  10   0   0   0   0   0   0]
 [  0 196   0   0   0   0   0   0   0]
 [ 27   0  55   0   0   0   0   0   0]
 [  1   0   0   1   0   0   0   0   0]
 [  0   0   0   0   0   0   0   0   0]
 [  0   0   0   0   0   0   0   0   0]
 [  0   0   0   0   0   0   0   0   0]
 [  0   0   0   0   0   0   0   0   0]
 [  0   0   0   0   0   0   0   0   0]]
[-7.0, -6.0, -5.0, -4.0, -3.0, -2.0, -1.0, 0.0, 1.0]
Adaboost
Validation index 0: Accuracy (2 dilutions): 0.8958333333333334
[[ 36   0   3   0   0   0   0   0   0]
 [  0 428   0   0   0   0   0   0   0]
 [ 35   0   9   0   0   0   0   0   0]
 [  0   0   0   0   0   0   0   0   0]
 [  5   0   0   0   0   0   0   0   0]
 [  5   0   0   0   0   0   0   0   0]
 [  6   0   0   0   0   0   0   0   0]
 [  1   0   0   0   0   0   0   0   0]
 [  0   0   0   0   0   0   0   0   0]]
Validation index 1: Accuracy (2 dilutions): 0.8446969696969697
[[222   0   0   0   0   0   0   0   0]
 [  0 221   0   0   0   0   0   0   0]
 [ 74   0   3   0   0   0   0   0   0]
 [  5   0   0   0   0   0   0   0   0]
 [  0   0   0   0   0   0   0   0   0]
 [  2   0   0   0   0   0   0   0   0]
 [  1   0   0   0   0   0   0   0   0]
 [  0   0   0   0   0   0   0   0   0]
 [  0   0   0   0   0   0   0   0   0]]
Validation index 2: Accuracy (2 dilutions): 0.8484848484848485
[[244   0   0   0   0   0   0   0   0]
 [  0 186   0   0   0   0   0   0   0]
 [ 76   0  18   0   0   0   0   0   0]
 [  2   0   0   0   0   0   0   0   0]
 [  0   0   0   0   0   0   0   0   0]
 [  1   0   0   0   0   0   0   0   0]
 [  1   0   0   0   0   0   0   0   0]
 [  0   0   0   0   0   0   0   0   0]
 [  0   0   0   0   0   0   0   0   0]]
Validation index 3: Accuracy (2 dilutions): 0.8428030303030303
[[259   0   0   0   0   0   0   0   0]
 [  0 184   0   0   0   0   0   0   0]
 [ 74   0   2   0   0   0   0   0   0]
 [  5   0   0   0   0   0   0   0   0]
 [  1   0   0   0   0   0   0   0   0]
 [  2   0   0   0   0   0   0   0   0]
 [  1   0   0   0   0   0   0   0   0]
 [  0   0   0   0   0   0   0   0   0]
 [  0   0   0   0   0   0   0   0   0]]
Validation index 4: Accuracy (2 dilutions): 0.8371212121212122
[[265   0   0   0   3   0   1   0   0]
 [  0 172   0   0   0   0   0   0   0]
 [ 76   0   5   0   0   0   0   0   0]
 [  2   0   0   0   0   0   0   0   0]
 [  0   0   0   0   0   0   0   0   0]
 [  4   0   0   0   0   0   0   0   0]
 [  0   0   0   0   0   0   0   0   0]
 [  0   0   0   0   0   0   0   0   0]
 [  0   0   0   0   0   0   0   0   0]]
Validation index 5: Accuracy (2 dilutions): 0.8371212121212122
[[275   0   0   0   0   0   0   0   0]
 [  0 154   0   0   0   0   0   0   0]
 [ 75   0  13   0   0   0   0   0   0]
 [  4   0   0   0   0   0   0   0   0]
 [  1   0   0   0   0   0   0   0   0]
 [  0   1   0   0   0   0   0   0   0]
 [  2   0   0   0   0   0   0   0   0]
 [  2   0   0   0   0   0   0   0   0]
 [  0   1   0   0   0   0   0   0   0]]
Validation index 6: Accuracy (2 dilutions): 0.8352272727272727
[[213   0   5   0   0   0   0   0   0]
 [  0 205   0   0   0   0   0   0   0]
 [ 75   0  23   0   0   0   0   0   0]
 [  5   0   0   0   0   0   0   0   0]
 [  0   0   0   0   0   0   0   0   0]
 [  1   0   0   0   0   0   0   0   0]
 [  1   0   0   0   0   0   0   0   0]
 [  0   0   0   0   0   0   0   0   0]
 [  0   0   0   0   0   0   0   0   0]]
Validation index 7: Accuracy (2 dilutions): 0.8462998102466793
[[236   0   0   0   0   0   0   0   0]
 [  0 162   0   0   0   0   2   0   0]
 [ 70   0  47   0   0   0   2   0   0]
 [  2   4   0   0   0   0   0   0   0]
 [  0   0   0   0   0   0   0   0   0]
 [  0   1   0   0   0   0   0   0   0]
 [  0   0   0   0   0   0   1   0   0]
 [  0   0   0   0   0   0   0   0   0]
 [  0   0   0   0   0   0   0   0   0]]
Validation index 8: Accuracy (2 dilutions): 0.8519924098671727
[[238   0   2   0   0   0   0   0   0]
 [  0 190   0   0   0   0   0   0   0]
 [ 56   0  20   0   0   0   0   0   0]
 [  6   0   0   1   0   0   0   0   0]
 [  2   0   0   0   0   0   0   0   0]
 [  2   0   0   0   0   0   0   0   0]
 [  8   0   0   0   0   0   0   0   0]
 [  2   0   0   0   0   0   0   0   0]
 [  0   0   0   0   0   0   0   0   0]]
Validation index 9: Accuracy (2 dilutions): 0.8311195445920304
[[356   0  30   0   0   0   1   0   0]
 [  0  59   0   0   0   0   1   0   0]
 [ 50   0  22   0   0   0   1   0   0]
 [  2   0   0   0   0   0   0   0   0]
 [  0   0   0   0   0   0   0   0   0]
 [  2   0   1   0   0   0   0   0   0]
 [  0   0   0   0   0   0   1   0   0]
 [  1   0   0   0   0   0   0   0   0]
 [  0   0   0   0   0   0   0   0   0]]
Accuracy (2 dilutions): 0.8470699643493761
[[234   0   4   0   0   0   0   0   0]
 [  0 196   0   0   0   0   0   0   0]
 [ 66   0  16   0   0   0   0   0   0]
 [  3   0   0   0   0   0   0   0   0]
 [  0   0   0   0   0   0   0   0   0]
 [  1   0   0   0   0   0   0   0   0]
 [  2   0   0   0   0   0   0   0   0]
 [  0   0   0   0   0   0   0   0   0]
 [  0   0   0   0   0   0   0   0   0]]
[-7.0, -6.0, -5.0, -4.0, -3.0, -2.0, -1.0, 0.0, 1.0]