Start SALCOT
Got all the file
Start Naive Bayes
Accuracy: 0.4053030303030303
Accuracy (2 dilutions): 0.6903409090909092
(array([[  1,   0,   2,   0,   0,   0,   0],
       [  0,  56,   0,   0,   0,   0,   5],
       [156,   0, 666,   1,   0,  49, 107],
       [  0,   0,   0,   0,   0,   0,   0],
       [  0,   0,   0,   0,   0,   0,   1],
       [  0,   0,   0,   0,   0,   0,   0],
       [  1,   2,   3,   0,   0,   0,   6]]), [-1.0, -2.0, -3.0, 0.0, 1.0, 2.0, 3.0])
Start KNN
Accuracy: 0.9308712121212122
Accuracy (2 dilutions): 0.9848484848484849
(array([[  0,   0,   3,   0,   0],
       [  0,  61,   0,   0,   0],
       [  0,   0, 979,   0,   0],
       [  0,   0,   1,   0,   0],
       [  0,   0,  12,   0,   0]]), [-1.0, -2.0, -3.0, 1.0, 3.0])
Start SVM
Accuracy: 0.9365530303030303
Accuracy (2 dilutions): 0.9867424242424242
(array([[  1,   0,   2,   0,   0],
       [  0,  61,   0,   0,   0],
       [  0,   0, 979,   0,   0],
       [  0,   0,   1,   0,   0],
       [  0,   1,  10,   0,   1]]), [-1.0, -2.0, -3.0, 1.0, 3.0])
Start Decision tree
Accuracy: 0.8977272727272727
Accuracy (2 dilutions): 0.9848484848484849
(array([[  2,   0,   1,   0,   0,   0],
       [  0,  61,   0,   0,   0,   0],
       [  4,   0, 970,   0,   1,   4],
       [  0,   0,   1,   0,   0,   0],
       [  0,   0,   0,   0,   0,   0],
       [  0,   0,   5,   0,   0,   7]]), [-1.0, -2.0, -3.0, 1.0, 2.0, 3.0])
Start Random Forest
Accuracy: 0.9441287878787878
Accuracy (2 dilutions): 0.9914772727272727
(array([[  2,   0,   1,   0,   0],
       [  0,  61,   0,   0,   0],
       [  0,   0, 979,   0,   0],
       [  0,   0,   1,   0,   0],
       [  0,   1,   6,   0,   5]]), [-1.0, -2.0, -3.0, 1.0, 3.0])
Start AdaBoost
Accuracy: 0.9270833333333334
Accuracy (2 dilutions): 0.984848484848485
(array([[  0,   0,   3,   0,   0],
       [  0,  61,   0,   0,   0],
       [  0,   0, 979,   0,   0],
       [  0,   0,   1,   0,   0],
       [  0,   0,  12,   0,   0]]), [-1.0, -2.0, -3.0, 1.0, 3.0])
Start Gradient Boosting
Accuracy: 0.9327651515151515
Accuracy (2 dilutions): 0.9829545454545454
(array([[  1,   0,   2,   0,   0,   0],
       [  0,  61,   0,   0,   0,   0],
       [  8,   0, 966,   1,   0,   4],
       [  0,   0,   0,   0,   0,   0],
       [  0,   0,   1,   0,   0,   0],
       [  0,   0,   2,   0,   0,  10]]), [-1.0, -2.0, -3.0, 0.0, 1.0, 3.0])