/mnt/HA/opt/python/anaconda3/lib/python3.6/site-packages/sklearn/svm/base.py:193: FutureWarning: The default value of gamma will change from 'auto' to 'scale' in version 0.22 to account better for unscaled features. Set gamma explicitly to 'auto' or 'scale' to avoid this warning.
  "avoid this warning.", FutureWarning)
/mnt/HA/opt/python/anaconda3/lib/python3.6/site-packages/sklearn/svm/base.py:193: FutureWarning: The default value of gamma will change from 'auto' to 'scale' in version 0.22 to account better for unscaled features. Set gamma explicitly to 'auto' or 'scale' to avoid this warning.
  "avoid this warning.", FutureWarning)
/mnt/HA/opt/python/anaconda3/lib/python3.6/site-packages/sklearn/svm/base.py:193: FutureWarning: The default value of gamma will change from 'auto' to 'scale' in version 0.22 to account better for unscaled features. Set gamma explicitly to 'auto' or 'scale' to avoid this warning.
  "avoid this warning.", FutureWarning)
Start SALCIP
Got all the file
Start Naive Bayes
Accuracy: 0.3806818181818182
Accuracy (2 dilutions): 0.6676136363636364
(array([[  3,   0,   0,   0,   0,   4,   0,   0],
       [  0,   3,   0,   0,   3,   0,   1,   0],
       [  0,   0,   0,   0,   0,   1,   0,   0],
       [  1,   0,   0,   3,   0,   1,   2,   0],
       [  6,   6,   0,   0, 125,   0,  14,   0],
       [ 35,   7,   0,  64,   0, 300,   0,   0],
       [ 19,  21,   7,  67,  90,   0, 271,   0],
       [  0,   0,   0,   0,   2,   0,   0,   0]]), [-1.0, -2.0, -3.0, -4.0, -5.0, -6.0, -7.0, 0.0])
Start KNN
Accuracy: 0.6287878787878788
Accuracy (2 dilutions): 0.8873106060606061
(array([[  0,   0,   0,   0,   1,   4,   2,   0],
       [  0,   0,   0,   0,   3,   1,   3,   0],
       [  0,   0,   0,   0,   0,   1,   0,   0],
       [  0,   0,   0,   2,   0,   1,   4,   0],
       [  0,   0,   0,   0,  83,   0,  68,   0],
       [  0,   0,   0,   0,   0, 406,   0,   0],
       [  0,   0,   0,   0,  29,   0, 446,   0],
       [  0,   0,   0,   0,   0,   1,   1,   0]]), [-1.0, -2.0, -3.0, -4.0, -5.0, -6.0, -7.0, 0.0])
Start SVM
Accuracy: 0.6676136363636364
Accuracy (2 dilutions): 0.8948863636363635
(array([[  0,   0,   0,   0,   0,   6,   1,   0],
       [  0,   1,   0,   0,   3,   0,   3,   0],
       [  0,   0,   0,   0,   0,   1,   0,   0],
       [  0,   0,   0,   2,   0,   1,   4,   0],
       [  0,   0,   0,   0,  83,   0,  68,   0],
       [  0,   0,   0,   0,   0, 406,   0,   0],
       [  0,   0,   0,   0,  22,   0, 453,   0],
       [  0,   0,   0,   0,   1,   1,   0,   0]]), [-1.0, -2.0, -3.0, -4.0, -5.0, -6.0, -7.0, 0.0])
Start Decision tree
Accuracy: 0.6335227272727273
Accuracy (2 dilutions): 0.8702651515151515
(array([[  2,   0,   0,   0,   1,   3,   1,   0],
       [  0,   1,   0,   0,   3,   0,   3,   0],
       [  0,   0,   0,   0,   0,   0,   1,   0],
       [  0,   0,   0,   4,   0,   1,   2,   0],
       [  0,   1,   0,   0,  97,   0,  53,   0],
       [  4,   0,   0,   4,   0, 397,   0,   1],
       [  0,   0,   1,   3,  52,   0, 418,   1],
       [  0,   0,   0,   0,   0,   1,   1,   0]]), [-1.0, -2.0, -3.0, -4.0, -5.0, -6.0, -7.0, 0.0])
Start Random Forest
Accuracy: 0.7140151515151515
Accuracy (2 dilutions): 0.9109848484848485
(array([[  2,   0,   0,   0,   1,   4,   0,   0],
       [  0,   1,   0,   0,   3,   0,   3,   0],
       [  0,   0,   0,   0,   0,   1,   0,   0],
       [  0,   0,   0,   2,   0,   0,   5,   0],
       [  0,   0,   0,   0, 100,   0,  51,   0],
       [  1,   0,   0,   0,   0, 405,   0,   0],
       [  0,   0,   0,   0,  23,   0, 452,   0],
       [  0,   0,   0,   0,   1,   1,   0,   0]]), [-1.0, -2.0, -3.0, -4.0, -5.0, -6.0, -7.0, 0.0])
Start AdaBoost
Accuracy: 0.48579545454545453
Accuracy (2 dilutions): 0.8617424242424243
(array([[  0,   0,   0,   0,   0,   1,   6,   0],
       [  0,   0,   0,   0,   1,   0,   6,   0],
       [  0,   0,   0,   0,   0,   0,   1,   0],
       [  0,   0,   0,   1,   0,   0,   6,   0],
       [  0,   0,   0,   0,  38,   0, 113,   0],
       [  0,   0,   0,   0,   0, 406,   0,   0],
       [  0,   0,   0,   0,  10,   0, 465,   0],
       [  0,   0,   0,   0,   0,   0,   2,   0]]), [-1.0, -2.0, -3.0, -4.0, -5.0, -6.0, -7.0, 0.0])
Start Gradient Boosting
Accuracy: 0.7376893939393939
Accuracy (2 dilutions): 0.9024621212121212
(array([[  2,   0,   0,   0,   0,   5,   0,   0,   0],
       [  0,   2,   0,   0,   2,   0,   3,   0,   0],
       [  0,   0,   0,   0,   0,   1,   0,   0,   0],
       [  0,   0,   0,   3,   0,   1,   3,   0,   0],
       [  1,   0,   0,   0,  97,   0,  53,   0,   0],
       [  1,   2,   0,   2,   0, 401,   0,   0,   0],
       [  1,   2,   0,   1,  22,   0, 448,   0,   1],
       [  0,   0,   0,   0,   0,   2,   0,   0,   0],
       [  0,   0,   0,   0,   0,   0,   0,   0,   0]]), [-1.0, -2.0, -3.0, -4.0, -5.0, -6.0, -7.0, 0.0, 1.0])
Start SALFIS
Got all the file
Start Naive Bayes
Accuracy: 0.39046653144016225
Accuracy (2 dilutions): 0.6430020283975659
(array([[ 60,   0,   9,  16,   5,  14],
       [  0, 131,   0,  61,  27,  35],
       [ 23,   0, 192,   0,  29,  16],
       [  2,   4,   0,  12,   0,   2],
       [  0,   1,   0,   0,   2,   0],
       [ 13,  36,  35,  24,   0, 237]]), [4.0, 5.0, 6.0, 7.0, 8.0, 9.0])
Start KNN
Accuracy: 0.565922920892495
Accuracy (2 dilutions): 0.8225152129817445
(array([[ 65,   0,  25,   0,   0,  14],
       [  0, 238,   0,   0,   0,  16],
       [ 11,   0, 222,   0,   0,  27],
       [  0,   4,   0,  14,   0,   2],
       [  0,   1,   1,   0,   1,   0],
       [  5,  27,  42,   0,   0, 271]]), [4.0, 5.0, 6.0, 7.0, 8.0, 9.0])
Start SVM
Accuracy: 0.6014198782961461
Accuracy (2 dilutions): 0.8894523326572009
(array([[ 75,   0,  20,   0,   0,   9],
       [  0, 245,   0,   0,   0,   9],
       [  3,   0, 241,   0,   0,  16],
       [  0,   4,   0,  15,   0,   1],
       [  0,   1,   1,   0,   1,   0],
       [  2,  31,  12,   0,   0, 300]]), [4.0, 5.0, 6.0, 7.0, 8.0, 9.0])
Start Decision tree
Accuracy: 0.6024340770791075
Accuracy (2 dilutions): 0.8894523326572008
(array([[ 75,   0,  24,   0,   0,   5],
       [  0, 243,   0,   2,   1,   8],
       [ 19,   0, 226,   0,   4,  11],
       [  0,   7,   0,  12,   0,   1],
       [  0,   0,   1,   0,   2,   0],
       [  2,  10,  14,   0,   0, 319]]), [4.0, 5.0, 6.0, 7.0, 8.0, 9.0])
Start Random Forest
Accuracy: 0.6724137931034483
Accuracy (2 dilutions): 0.947261663286004
(array([[ 86,   0,  13,   0,   0,   5],
       [  0, 251,   0,   1,   0,   2],
       [  7,   0, 252,   0,   0,   1],
       [  0,   4,   0,  16,   0,   0],
       [  0,   0,   2,   0,   1,   0],
       [  1,   7,   9,   0,   0, 328]]), [4.0, 5.0, 6.0, 7.0, 8.0, 9.0])
Start AdaBoost
Accuracy: 0.4908722109533469
Accuracy (2 dilutions): 0.8275862068965518
(array([[ 73,   0,  30,   0,   0,   1],
       [  0, 251,   0,   0,   0,   3],
       [  4,   0, 246,   0,   1,   9],
       [  0,  14,   0,   6,   0,   0],
       [  0,   1,   2,   0,   0,   0],
       [  0,  38,  67,   0,   0, 240]]), [4.0, 5.0, 6.0, 7.0, 8.0, 9.0])
Start Gradient Boosting
Accuracy: 0.6693711967545639
Accuracy (2 dilutions): 0.9391480730223124
(array([[ 82,   0,  18,   0,   2,   2],
       [  0, 246,   0,   5,   0,   3],
       [  4,   0, 249,   0,   0,   7],
       [  0,   7,   0,  13,   0,   0],
       [  0,   0,   2,   0,   1,   0],
       [  0,   3,   7,   0,   0, 335]]), [4.0, 5.0, 6.0, 7.0, 8.0, 9.0])
Start SALNAL
Got all the file
Start Naive Bayes
Accuracy: 0.32859848484848486
Accuracy (2 dilutions): 0.7793560606060606
(array([[  2,   0,   1,   0,   0,   0,   0],
       [  0, 160,   0,  50,   8,  23,   6],
       [ 25,   0, 628,   0,  69,  11,  28],
       [  2,   0,   0,  22,   0,   0,   1],
       [  0,   0,   2,   0,   2,   0,   0],
       [  0,   0,   2,   0,   0,   2,   0],
       [  0,   0,   2,   3,   0,   0,   7]]), [0.0, 1.0, 2.0, 3.0, 4.0, 5.0, 6.0])
Start KNN
Accuracy: 0.7604166666666666
Accuracy (2 dilutions): 0.9763257575757576
(array([[  2,   0,   1,   0,   0,   0,   0],
       [  0, 247,   0,   0,   0,   0,   0],
       [  0,   0, 761,   0,   0,   0,   0],
       [  0,   4,   0,  21,   0,   0,   0],
       [  0,   0,   4,   0,   0,   0,   0],
       [  0,   0,   4,   0,   0,   0,   0],
       [  0,   0,  12,   0,   0,   0,   0]]), [0.0, 1.0, 2.0, 3.0, 4.0, 5.0, 6.0])
Start SVM
Accuracy: 0.7632575757575758
Accuracy (2 dilutions): 0.978219696969697
(array([[  2,   0,   1,   0,   0,   0,   0],
       [  0, 247,   0,   0,   0,   0,   0],
       [  0,   0, 761,   0,   0,   0,   0],
       [  0,   3,   0,  22,   0,   0,   0],
       [  0,   0,   4,   0,   0,   0,   0],
       [  0,   0,   4,   0,   0,   0,   0],
       [  0,   0,  11,   0,   0,   0,   1]]), [0.0, 1.0, 2.0, 3.0, 4.0, 5.0, 6.0])
Start Decision tree
Accuracy: 0.6846590909090909
Accuracy (2 dilutions): 0.9630681818181819
(array([[  1,   0,   2,   0,   0,   0,   0],
       [  0, 239,   0,   7,   0,   0,   1],
       [  0,   0, 749,   0,   1,   3,   8],
       [  1,   1,   0,  23,   0,   0,   0],
       [  0,   3,   1,   0,   0,   0,   0],
       [  0,   0,   1,   1,   0,   2,   0],
       [  0,   0,   9,   0,   0,   0,   3]]), [0.0, 1.0, 2.0, 3.0, 4.0, 5.0, 6.0])
Start Random Forest
Accuracy: 0.7727272727272727
Accuracy (2 dilutions): 0.9839015151515151
(array([[  2,   0,   1,   0,   0,   0,   0],
       [  0, 247,   0,   0,   0,   0,   0],
       [  0,   0, 761,   0,   0,   0,   0],
       [  0,   2,   0,  23,   0,   0,   0],
       [  0,   1,   3,   0,   0,   0,   0],
       [  0,   0,   2,   0,   0,   2,   0],
       [  0,   0,   8,   0,   0,   0,   4]]), [0.0, 1.0, 2.0, 3.0, 4.0, 5.0, 6.0])
Start AdaBoost
Accuracy: 0.7367424242424242
Accuracy (2 dilutions): 0.9772727272727272
(array([[  2,   0,   1,   0,   0,   0,   0],
       [  0, 247,   0,   0,   0,   0,   0],
       [  0,   0, 761,   0,   0,   0,   0],
       [  0,   3,   0,  22,   0,   0,   0],
       [  0,   0,   4,   0,   0,   0,   0],
       [  0,   0,   4,   0,   0,   0,   0],
       [  0,   0,  12,   0,   0,   0,   0]]), [0.0, 1.0, 2.0, 3.0, 4.0, 5.0, 6.0])
Start Gradient Boosting
Accuracy: 0.7509469696969697
Accuracy (2 dilutions): 0.9706439393939393
(array([[  2,   0,   1,   0,   0,   0,   0],
       [  0, 245,   0,   1,   0,   0,   1],
       [  1,   0, 748,   0,   3,   0,   9],
       [  1,   2,   0,  22,   0,   0,   0],
       [  0,   0,   0,   0,   4,   0,   0],
       [  0,   0,   1,   0,   0,   3,   0],
       [  0,   0,  11,   0,   0,   0,   1]]), [0.0, 1.0, 2.0, 3.0, 4.0, 5.0, 6.0])