SALFIS
Naive Bayes
Validation index 0: Accuracy (2 dilutions): 0.539553752535497
[[20  0 15 14  3  2]
 [ 0 89  0 50 34  5]
 [ 5  0 55  0 25  3]
 [ 1  2  0  4  0  0]
 [ 0  0  1  0  1  0]
 [ 5 13 23 26  0 97]]
Validation index 1: Accuracy (2 dilutions): 0.6531440162271805
[[ 46   0   4  25   3  13]
 [  0  64   0  29  13  18]
 [ 17   0  89   0  21   7]
 [  0   1   0   2   0   1]
 [  0   1   0   0   0   0]
 [  5   2   5   6   0 121]]
Validation index 2: Accuracy (2 dilutions): 0.6673427991886409
[[ 40   0   6  10   4   8]
 [  0  69   0  28  16  11]
 [ 14   0  93   0  12  12]
 [  0   1   0   4   0   0]
 [  1   0   0   0   0   0]
 [  7  15   5  14   0 123]]
Validation index 3: Accuracy (2 dilutions): 0.6754563894523327
[[ 44   0   3   7   1   4]
 [  0  79   0  25  15  17]
 [ 22   0 108   0  11  13]
 [  0   0   0   8   0   1]
 [  0   0   0   0   0   0]
 [ 13   5  13  10   0  94]]
Validation index 4: Accuracy (2 dilutions): 0.6186612576064908
[[ 24   0   3  10   2   1]
 [  0  65   0  34  20  14]
 [  9   0 101   0  21   9]
 [  1   1   0   5   0   0]
 [  0   0   1   0   2   0]
 [ 17  13  13  19   0 108]]
Validation index 5: Accuracy (2 dilutions): 0.6206896551724138
[[ 31   0   2  13   6   1]
 [  0  62   0  29  17   9]
 [ 16   0  80   0  22  12]
 [  0   1   0  11   0   1]
 [  0   0   1   0   3   0]
 [ 11  17   8  21   0 119]]
Validation index 6: Accuracy (2 dilutions): 0.6369168356997972
[[31  0  1 11  6  4]
 [ 0 77  0 29 15 21]
 [ 9  0 96  0 30 11]
 [ 0  3  0 11  0  1]
 [ 0  0  0  0  2  0]
 [ 9 10 12  7  0 97]]
Validation index 7: Accuracy (2 dilutions): 0.6531440162271805
[[ 21   0   1   2   1   6]
 [  0  84   0  26  20  18]
 [ 17   0 107   0  18  10]
 [  1   0   0   4   0   0]
 [  0   0   0   0   0   0]
 [ 11  12  12  16   0 106]]
Validation index 8: Accuracy (2 dilutions): 0.6450304259634888
[[ 13   0   7   4   3   4]
 [  0  73   0  35  19  12]
 [ 13   0  97   0  25   8]
 [  1   1   0   4   0   0]
 [  0   0   0   0   0   0]
 [  4  16  12  11   0 131]]
Validation index 9: Accuracy (2 dilutions): 0.6727642276422764
[[ 24   0   0   9   2   5]
 [  0  63   0  27  10  11]
 [ 16   0 133   0  11  13]
 [  1   1   0   2   0   3]
 [  0   1   0   0   1   0]
 [ 13  14   9  15   0 108]]
Accuracy (2 dilutions): 0.6382703375715298
[[ 29   0   4  10   3   4]
 [  0  72   0  31  17  13]
 [ 13   0  95   0  19   9]
 [  0   1   0   5   0   0]
 [  0   0   0   0   0   0]
 [  9  11  11  14   0 110]]
[4.0, 5.0, 6.0, 7.0, 8.0, 9.0]
KNN
Validation index 0: Accuracy (2 dilutions): 0.7971602434077079
[[ 27   0  22   0   0   5]
 [  0 165   0   0   0  13]
 [  1   0  81   0   0   6]
 [  0   3   0   4   0   0]
 [  0   0   1   0   1   0]
 [  4  21  24   0   0 115]]
Validation index 1: Accuracy (2 dilutions): 0.8356997971602435
[[ 63   0  22   0   0   6]
 [  0 115   0   0   0   9]
 [  4   0 115   0   0  15]
 [  0   1   0   3   0   0]
 [  0   0   1   0   0   0]
 [  0   9  14   0   0 116]]
Validation index 2: Accuracy (2 dilutions): 0.8316430020283976
[[ 43   0  21   0   0   4]
 [  0 113   0   0   0  11]
 [  6   0 113   0   0  12]
 [  0   2   0   3   0   0]
 [  0   0   0   0   1   0]
 [  2  12  13   0   0 137]]
Validation index 3: Accuracy (2 dilutions): 0.8417849898580122
[[ 42   0  11   0   0   6]
 [  0 124   0   0   0  12]
 [  6   0 133   0   0  15]
 [  0   2   0   6   0   1]
 [  0   0   0   0   0   0]
 [  1  12  12   0   0 110]]
Validation index 4: Accuracy (2 dilutions): 0.8417849898580122
[[ 28   0   8   0   0   4]
 [  0 117   0   0   0  16]
 [  3   0 125   0   0  12]
 [  1   1   0   4   0   1]
 [  0   2   0   0   1   0]
 [  3  13  14   0   0 140]]
Validation index 5: Accuracy (2 dilutions): 0.8174442190669371
[[ 37   0   8   0   0   8]
 [  0 111   0   0   0   6]
 [  8   0 115   0   0   7]
 [  0   2   0  10   0   1]
 [  0   2   2   0   0   0]
 [  4  21  21   0   0 130]]
Validation index 6: Accuracy (2 dilutions): 0.8336713995943205
[[ 33   0  12   0   0   8]
 [  0 130   0   0   0  12]
 [  4   0 127   0   0  15]
 [  0   6   0   8   0   1]
 [  0   0   2   0   0   0]
 [  0   9  13   0   0 113]]
Validation index 7: Accuracy (2 dilutions): 0.821501014198783
[[ 23   0   7   0   0   1]
 [  0 134   0   0   0  14]
 [ 11   0 127   0   0  14]
 [  1   2   0   2   0   0]
 [  0   0   0   0   0   0]
 [  6  17  15   0   0 119]]
Validation index 8: Accuracy (2 dilutions): 0.8438133874239351
[[ 20   0   9   0   0   2]
 [  0 128   0   0   0  11]
 [  4   0 130   0   0   9]
 [  1   2   0   3   0   0]
 [  0   0   0   0   0   0]
 [  2  12  25   0   0 135]]
Validation index 9: Accuracy (2 dilutions): 0.8292682926829268
[[ 27   0  10   0   0   3]
 [  0 104   0   0   0   7]
 [ 11   0 151   0   0  11]
 [  1   2   0   4   0   0]
 [  0   1   1   0   0   0]
 [  6  11  20   0   0 122]]
Accuracy (2 dilutions): 0.8293771335279275
[[ 34   0  13   0   0   4]
 [  0 124   0   0   0  11]
 [  5   0 121   0   0  11]
 [  0   2   0   4   0   0]
 [  0   0   0   0   0   0]
 [  2  13  17   0   0 123]]
[4.0, 5.0, 6.0, 7.0, 8.0, 9.0]
Random Forest
Validation index 0: Accuracy (2 dilutions): 0.9026369168356998
[[ 37   0  15   0   0   2]
 [  0 174   0   1   0   3]
 [  4   0  81   0   0   3]
 [  0   3   0   4   0   0]
 [  0   0   1   0   1   0]
 [  0   6  10   0   0 148]]
Validation index 1: Accuracy (2 dilutions): 0.9391480730223124
[[ 70   0  20   0   0   1]
 [  0 124   0   0   0   0]
 [  2   0 131   0   0   1]
 [  0   1   0   3   0   0]
 [  0   0   1   0   0   0]
 [  0   1   3   0   0 135]]
Validation index 2: Accuracy (2 dilutions): 0.9350912778904665
[[ 53   0  14   0   0   1]
 [  0 123   0   0   0   1]
 [  7   0 122   0   0   2]
 [  0   2   0   3   0   0]
 [  0   1   0   0   0   0]
 [  0   2   2   0   0 160]]
Validation index 3: Accuracy (2 dilutions): 0.947261663286004
[[ 52   0   6   0   0   1]
 [  0 134   0   0   0   2]
 [  3   0 147   0   0   4]
 [  0   3   0   5   0   1]
 [  0   0   0   0   0   0]
 [  0   2   4   0   0 129]]
Validation index 4: Accuracy (2 dilutions): 0.9432048681541582
[[ 33   0   6   0   0   1]
 [  0 129   0   1   0   3]
 [  3   0 133   0   0   4]
 [  1   2   0   4   0   0]
 [  0   0   2   0   1   0]
 [  0   2   3   0   0 165]]
Validation index 5: Accuracy (2 dilutions): 0.9148073022312373
[[ 41   0  11   0   0   1]
 [  0 115   0   0   0   2]
 [  5   0 121   0   0   4]
 [  0   3   0  10   0   0]
 [  0   2   2   0   0   0]
 [  1   5   6   0   0 164]]
Validation index 6: Accuracy (2 dilutions): 0.9432048681541582
[[ 44   0   8   0   0   1]
 [  0 135   0   0   0   7]
 [  2   0 144   0   0   0]
 [  0   4   0  11   0   0]
 [  0   0   2   0   0   0]
 [  0   0   4   0   0 131]]
Validation index 7: Accuracy (2 dilutions): 0.9330628803245437
[[ 24   0   5   0   0   2]
 [  0 145   0   0   0   3]
 [  6   0 143   0   0   3]
 [  0   2   0   3   0   0]
 [  0   0   0   0   0   0]
 [  2   4   6   0   0 145]]
Validation index 8: Accuracy (2 dilutions): 0.9594320486815415
[[ 23   0   8   0   0   0]
 [  0 138   0   0   0   1]
 [  1   0 141   0   0   1]
 [  0   2   0   4   0   0]
 [  0   0   0   0   0   0]
 [  0   2   5   0   0 167]]
Validation index 9: Accuracy (2 dilutions): 0.9247967479674797
[[ 30   0  10   0   0   0]
 [  0 108   0   1   0   2]
 [  6   0 165   0   0   2]
 [  0   3   0   4   0   0]
 [  0   1   1   0   0   0]
 [  1   3   7   0   0 148]]
Accuracy (2 dilutions): 0.9342646646547602
[[ 40   0  10   0   0   1]
 [  0 132   0   0   0   2]
 [  3   0 132   0   0   2]
 [  0   2   0   5   0   0]
 [  0   0   0   0   0   0]
 [  0   2   5   0   0 149]]
[4.0, 5.0, 6.0, 7.0, 8.0, 9.0]
Adaboost
Validation index 0: Accuracy (2 dilutions): 0.8559837728194726
[[ 26   0  28   0   0   0]
 [  0 175   0   1   0   2]
 [  4   0  82   0   0   2]
 [  0   4   0   2   0   1]
 [  0   0   1   0   1   0]
 [  1  10  17   0   0 136]]
Validation index 1: Accuracy (2 dilutions): 0.9066937119675457
[[ 77   0  12   0   0   2]
 [  0 120   0   0   0   4]
 [  9   0 121   0   1   3]
 [  0   3   0   1   0   0]
 [  0   1   0   0   0   0]
 [  3   3   5   0   0 128]]
Validation index 2: Accuracy (2 dilutions): 0.8559837728194726
[[ 40   0  25   0   0   3]
 [  0 115   0   0   0   9]
 [  9   0 112   0   1   9]
 [  0   1   0   4   0   0]
 [  0   0   1   0   0   0]
 [  0   4   9   0   0 151]]
Validation index 3: Accuracy (2 dilutions): 0.9006085192697769
[[ 44   0  10   0   0   5]
 [  0 125   0   0   0  11]
 [  1   0 144   0   0   9]
 [  0   6   0   2   0   1]
 [  0   0   0   0   0   0]
 [  0   2   4   0   0 129]]
Validation index 4: Accuracy (2 dilutions): 0.8742393509127789
[[ 25   0  10   0   0   5]
 [  0 132   0   0   0   1]
 [  7   0 130   0   0   3]
 [  0   3   0   4   0   0]
 [  0   1   2   0   0   0]
 [  1  19  10   0   0 140]]
Validation index 5: Accuracy (2 dilutions): 0.8722109533468559
[[ 45   0   6   0   1   1]
 [  0 115   0   0   0   2]
 [ 12   0 115   0   0   3]
 [  0  10   0   2   0   1]
 [  0   3   1   0   0   0]
 [  3  12   8   0   0 153]]
Validation index 6: Accuracy (2 dilutions): 0.8580121703853956
[[ 29   0  23   0   0   1]
 [  0 136   0   0   1   5]
 [  8   0 130   0   1   7]
 [  2   9   0   4   0   0]
 [  0   0   2   0   0   0]
 [  2   4   5   0   0 124]]
Validation index 7: Accuracy (2 dilutions): 0.896551724137931
[[ 24   0   6   0   0   1]
 [  0 137   0   0   0  11]
 [  7   0 138   0   0   7]
 [  0   3   0   2   0   0]
 [  0   0   0   0   0   0]
 [  0  10   6   0   0 141]]
Validation index 8: Accuracy (2 dilutions): 0.9249492900608519
[[ 26   0   2   0   0   3]
 [  0 137   0   0   0   2]
 [  2   0 134   0   3   4]
 [  0   3   0   3   0   0]
 [  0   0   0   0   0   0]
 [  0   7  11   0   0 156]]
Validation index 9: Accuracy (2 dilutions): 0.926829268292683
[[ 34   0   6   0   0   0]
 [  0 109   0   0   1   1]
 [  1   0 164   0   0   8]
 [  0   5   0   2   0   0]
 [  0   2   0   0   0   0]
 [  1   6   5   0   0 147]]
Accuracy (2 dilutions): 0.8872062534012765
[[ 37   0  12   0   0   2]
 [  0 130   0   0   0   4]
 [  6   0 127   0   0   5]
 [  0   4   0   2   0   0]
 [  0   0   0   0   0   0]
 [  1   7   8   0   0 140]]
[4.0, 5.0, 6.0, 7.0, 8.0, 9.0]