Start SALFIS
Got all the file
Start Naive Bayes
Accuracy: 0.39046653144016225
Accuracy (2 dilutions): 0.6430020283975659
(array([[ 60,   0,   9,  16,   5,  14],
       [  0, 131,   0,  61,  27,  35],
       [ 23,   0, 192,   0,  29,  16],
       [  2,   4,   0,  12,   0,   2],
       [  0,   1,   0,   0,   2,   0],
       [ 13,  36,  35,  24,   0, 237]]), [4.0, 5.0, 6.0, 7.0, 8.0, 9.0])
Start KNN
Accuracy: 0.565922920892495
Accuracy (2 dilutions): 0.8225152129817445
(array([[ 65,   0,  25,   0,   0,  14],
       [  0, 238,   0,   0,   0,  16],
       [ 11,   0, 222,   0,   0,  27],
       [  0,   4,   0,  14,   0,   2],
       [  0,   1,   1,   0,   1,   0],
       [  5,  27,  42,   0,   0, 271]]), [4.0, 5.0, 6.0, 7.0, 8.0, 9.0])
Start SVM
Accuracy: 0.6014198782961461
Accuracy (2 dilutions): 0.8894523326572009
(array([[ 75,   0,  20,   0,   0,   9],
       [  0, 245,   0,   0,   0,   9],
       [  3,   0, 241,   0,   0,  16],
       [  0,   4,   0,  15,   0,   1],
       [  0,   1,   1,   0,   1,   0],
       [  2,  31,  12,   0,   0, 300]]), [4.0, 5.0, 6.0, 7.0, 8.0, 9.0])
Start Decision tree
Accuracy: 0.6024340770791075
Accuracy (2 dilutions): 0.8894523326572008
(array([[ 75,   0,  24,   0,   0,   5],
       [  0, 243,   0,   2,   1,   8],
       [ 19,   0, 226,   0,   4,  11],
       [  0,   7,   0,  12,   0,   1],
       [  0,   0,   1,   0,   2,   0],
       [  2,  10,  14,   0,   0, 319]]), [4.0, 5.0, 6.0, 7.0, 8.0, 9.0])
Start Random Forest
Accuracy: 0.6724137931034483
Accuracy (2 dilutions): 0.947261663286004
(array([[ 86,   0,  13,   0,   0,   5],
       [  0, 251,   0,   1,   0,   2],
       [  7,   0, 252,   0,   0,   1],
       [  0,   4,   0,  16,   0,   0],
       [  0,   0,   2,   0,   1,   0],
       [  1,   7,   9,   0,   0, 328]]), [4.0, 5.0, 6.0, 7.0, 8.0, 9.0])
Start AdaBoost
Accuracy: 0.4908722109533469
Accuracy (2 dilutions): 0.8275862068965518
(array([[ 73,   0,  30,   0,   0,   1],
       [  0, 251,   0,   0,   0,   3],
       [  4,   0, 246,   0,   1,   9],
       [  0,  14,   0,   6,   0,   0],
       [  0,   1,   2,   0,   0,   0],
       [  0,  38,  67,   0,   0, 240]]), [4.0, 5.0, 6.0, 7.0, 8.0, 9.0])
Start Gradient Boosting
Accuracy: 0.6693711967545639
Accuracy (2 dilutions): 0.9391480730223124
(array([[ 82,   0,  18,   0,   2,   2],
       [  0, 246,   0,   5,   0,   3],
       [  4,   0, 249,   0,   0,   7],
       [  0,   7,   0,  13,   0,   0],
       [  0,   0,   2,   0,   1,   0],
       [  0,   3,   7,   0,   0, 335]]), [4.0, 5.0, 6.0, 7.0, 8.0, 9.0])