SALFOX
Naive Bayes
Accuracy: 0.4100378787878788
Accuracy (2 dilutions): 0.6505681818181818
[[ 30   0   1   0   3   6   1]
 [  0 306   0  69  51  77  12]
 [  7   0 237   0  32  19   6]
 [  3   4   0  28   0   1   1]
 [  0   3   2   0  13   0   0]
 [  5   2   1   1   0  44   0]
 [  4   3  13   6  36   0  29]]
[0.0, 1.0, 2.0, 3.0, 4.0, 5.0, 6.0]
KNN
Accuracy: 0.6439393939393939
Accuracy (2 dilutions): 0.8863636363636362
[[ 40   0   0   0   0   1   0]
 [  0 505   0   0   0   5   5]
 [  0   0 293   0   0   3   5]
 [  0  11   0  24   0   1   1]
 [  0   9   2   0   6   0   1]
 [  0  28   2   0   0  23   0]
 [  0  30  16   0   0   0  45]]
[0.0, 1.0, 2.0, 3.0, 4.0, 5.0, 6.0]
SVM
Accuracy: 0.6770833333333334
Accuracy (2 dilutions): 0.9128787878787878
[[ 41   0   0   0   0   0   0]
 [  0 510   0   0   0   4   1]
 [  0   0 295   0   0   3   3]
 [  0  12   0  23   0   1   1]
 [  0   6   3   0   8   0   1]
 [  0  20   0   0   0  33   0]
 [  0  21  16   0   0   0  54]]
[0.0, 1.0, 2.0, 3.0, 4.0, 5.0, 6.0]
Decision Tree
Accuracy: 0.6392045454545454
Accuracy (2 dilutions): 0.9573863636363636
[[ 37   0   3   0   1   0   0]
 [  0 502   0  11   1   0   1]
 [  2   0 294   0   3   1   1]
 [  1   5   0  31   0   0   0]
 [  0   3   1   0  14   0   0]
 [  0   2   0   0   0  51   0]
 [  0   4   0   0   5   0  82]]
[0.0, 1.0, 2.0, 3.0, 4.0, 5.0, 6.0]
Random Forest
Accuracy: 0.7045454545454546
Accuracy (2 dilutions): 0.9725378787878788
[[ 41   0   0   0   0   0   0]
 [  0 513   0   0   0   1   1]
 [  0   0 301   0   0   0   0]
 [  0   9   0  28   0   0   0]
 [  0   4   2   0  12   0   0]
 [  0   2   0   0   0  51   0]
 [  0   4   5   0   1   0  81]]
[0.0, 1.0, 2.0, 3.0, 4.0, 5.0, 6.0]
AdaBoost
Accuracy: 0.5577651515151515
Accuracy (2 dilutions): 0.9479166666666666
[[ 40   0   1   0   0   0   0]
 [  0 513   0   0   0   0   2]
 [  0   0 300   0   0   1   0]
 [  0  36   0   1   0   0   0]
 [  0   7   0   0   8   0   3]
 [  0   2   0   0   0  51   0]
 [  0   3   0   0   0   0  88]]
[0.0, 1.0, 2.0, 3.0, 4.0, 5.0, 6.0]
GradientBoost
Accuracy: 0.7339015151515151
Accuracy (2 dilutions): 0.9753787878787878
[[ 40   0   0   0   1   0   0]
 [  0 512   0   0   1   1   1]
 [  0   0 300   0   0   0   1]
 [  1   9   0  27   0   0   0]
 [  0   4   2   0  12   0   0]
 [  0   2   0   0   0  51   0]
 [  0   3   0   0   0   0  88]]
[0.0, 1.0, 2.0, 3.0, 4.0, 5.0, 6.0]