SALGEN
Naive Bayes
Accuracy: 0.35321969696969696
Accuracy (2 dilutions): 0.7017045454545455
[[401   0   0  38   2  39  21  18]
 [  0 213  42  11   0  20  19  13]
 [  0   6  47   0   1   4   2   1]
 [  0   1   0   4   0   1   0   1]
 [  0   0   0   0   2   0   0   0]
 [  2   1   2   0   0  13   0   0]
 [  3   5   3   2   0   0  23   0]
 [ 11   5  16   9   0  16   0  38]]
[-1.0, -2.0, 0.0, 1.0, 2.0, 3.0, 4.0, 5.0]
KNN
Accuracy: 0.5350378787878788
Accuracy (2 dilutions): 0.8731060606060607
[[504   0   0   0   0   0   1  14]
 [  0 309   1   1   0   0   0   7]
 [  0   2  57   0   0   0   0   2]
 [  4   1   0   1   0   0   1   0]
 [  1   1   0   0   0   0   0   0]
 [  6   2   1   0   0   4   0   5]
 [ 14   8   1   0   0   0  13   0]
 [ 54   5   1   1   0   0   0  34]]
[-1.0, -2.0, 0.0, 1.0, 2.0, 3.0, 4.0, 5.0]
SVM
Accuracy: 0.5738636363636364
Accuracy (2 dilutions): 0.9109848484848485
[[507   0   0   0   0   0   1  11]
 [  0 316   0   0   0   0   0   2]
 [  0   2  57   0   0   0   0   2]
 [  4   1   0   1   0   0   1   0]
 [  2   0   0   0   0   0   0   0]
 [  9   1   0   0   0   7   0   1]
 [ 13   3   1   0   0   0  19   0]
 [ 37   2   1   0   0   0   0  55]]
[-1.0, -2.0, 0.0, 1.0, 2.0, 3.0, 4.0, 5.0]
Decision Tree
Accuracy: 0.5445075757575758
Accuracy (2 dilutions): 0.9412878787878789
[[512   0   0   2   0   1   2   2]
 [  0 304   8   1   0   0   1   4]
 [  0  11  50   0   0   0   0   0]
 [  3   2   0   1   0   1   0   0]
 [  0   0   0   0   1   0   0   1]
 [  3   0   1   0   0  14   0   0]
 [  4   1   1   0   0   0  30   0]
 [  7   3   0   1   0   2   0  82]]
[-1.0, -2.0, 0.0, 1.0, 2.0, 3.0, 4.0, 5.0]
Random Forest
Accuracy: 0.603219696969697
Accuracy (2 dilutions): 0.9611742424242425
[[516   0   0   0   0   1   0   2]
 [  0 316   2   0   0   0   0   0]
 [  0   2  59   0   0   0   0   0]
 [  4   1   0   1   0   0   1   0]
 [  0   0   0   0   1   0   0   1]
 [  4   0   0   0   0  11   0   3]
 [  1   3   1   0   0   0  31   0]
 [ 11   1   1   1   0   1   0  80]]
[-1.0, -2.0, 0.0, 1.0, 2.0, 3.0, 4.0, 5.0]
AdaBoost
Accuracy: 0.5388257575757576
Accuracy (2 dilutions): 0.8986742424242424
[[485   0   0   0   0   2   0  32]
 [  0 308   0   0   0   4   1   5]
 [  0   2  54   0   0   0   0   5]
 [  7   0   0   0   0   0   0   0]
 [  1   0   0   0   0   0   0   1]
 [ 11   1   0   0   0   2   0   4]
 [ 11   3   0   0   0   0  22   0]
 [ 15   1   0   0   0   1   0  78]]
[-1.0, -2.0, 0.0, 1.0, 2.0, 3.0, 4.0, 5.0]
GradientBoost
Accuracy: 0.6202651515151515
Accuracy (2 dilutions): 0.9583333333333333
[[513   0   0   1   1   2   1   1]
 [  0 313   4   1   0   0   0   0]
 [  0   6  54   0   0   0   1   0]
 [  4   1   0   1   0   0   1   0]
 [  0   0   0   0   2   0   0   0]
 [  3   0   0   0   0  13   0   2]
 [  2   2   0   1   0   0  31   0]
 [  7   1   0   1   0   1   0  85]]
[-1.0, -2.0, 0.0, 1.0, 2.0, 3.0, 4.0, 5.0]