SALKAN
Naive Bayes
Accuracy: 0.6756756756756757
Accuracy (2 dilutions): 0.8324324324324324
[[139   0   0  26]
 [  0   1   0   1]
 [  0   0   1   0]
 [  4   0   0  13]]
[3.0, 4.0, 5.0, 7.0]
KNN
Accuracy: 0.9135135135135135
Accuracy (2 dilutions): 0.9243243243243243
[[165   0   0   0]
 [  0   2   0   0]
 [  0   0   0   1]
 [ 13   0   0   4]]
[3.0, 4.0, 5.0, 7.0]
SVM
Accuracy: 0.8972972972972973
Accuracy (2 dilutions): 0.9081081081081082
[[163   0   0   2]
 [  0   2   0   0]
 [  0   0   1   0]
 [ 15   0   0   2]]
[3.0, 4.0, 5.0, 7.0]
Decision Tree
Accuracy: 0.9621621621621622
Accuracy (2 dilutions): 0.9783783783783785
[[163   0   0   2]
 [  0   2   0   0]
 [  0   0   1   0]
 [  2   0   0  15]]
[3.0, 4.0, 5.0, 7.0]
Random Forest
Accuracy: 0.9567567567567568
Accuracy (2 dilutions): 0.9675675675675676
[[164   0   0   1]
 [  0   2   0   0]
 [  0   0   1   0]
 [  5   0   0  12]]
[3.0, 4.0, 5.0, 7.0]
AdaBoost
Accuracy: 0.9513513513513514
Accuracy (2 dilutions): 0.9621621621621622
[[161   0   0   4]
 [  0   2   0   0]
 [  0   0   1   0]
 [  3   0   0  14]]
[3.0, 4.0, 5.0, 7.0]
GradientBoost
Accuracy: 0.9783783783783784
Accuracy (2 dilutions): 0.9891891891891892
[[164   0   0   1]
 [  0   2   0   0]
 [  0   0   1   0]
 [  1   0   0  16]]
[3.0, 4.0, 5.0, 7.0]