SALKAN
Naive Bayes
Validation index 0: Accuracy (2 dilutions): 0.8279569892473119
[[71  0  0  0 13]
 [ 0  3  0  0  0]
 [ 0  0  0  0  0]
 [ 0  0  0  0  0]
 [ 3  0  0  0  3]]
Validation index 1: Accuracy (2 dilutions): 0.6559139784946236
[[53  0  0  0 27]
 [ 0  1  0  0  0]
 [ 0  0  0  0  0]
 [ 0  0  0  0  0]
 [ 5  0  0  0  7]]
Validation index 2: Accuracy (2 dilutions): 0.7419354838709677
[[57  0  0  0 23]
 [ 0  1  0  0  1]
 [ 0  0  0  0  0]
 [ 0  0  0  0  0]
 [ 0  0  0  0 11]]
Validation index 3: Accuracy (2 dilutions): 0.7419354838709677
[[61  0  0  0 21]
 [ 0  1  0  0  2]
 [ 0  0  2  0  0]
 [ 0  0  0  0  0]
 [ 1  0  0  0  5]]
Validation index 4: Accuracy (2 dilutions): 0.8043478260869565
[[69  0  0  0 14]
 [ 0  1  0  0  0]
 [ 0  0  0  0  0]
 [ 0  0  0  0  0]
 [ 4  0  0  0  4]]
Validation index 5: Accuracy (2 dilutions): 0.8369565217391305
[[74  0  0  0 13]
 [ 0  1  0  0  0]
 [ 0  0  0  0  0]
 [ 0  0  0  0  0]
 [ 2  0  0  0  2]]
Validation index 6: Accuracy (2 dilutions): 0.8478260869565217
[[70  0  0  0 13]
 [ 0  0  0  0  0]
 [ 0  0  0  0  0]
 [ 0  0  0  0  0]
 [ 1  0  0  0  8]]
Validation index 7: Accuracy (2 dilutions): 0.717391304347826
[[59  0  0  0 23]
 [ 0  0  0  0  1]
 [ 0  0  1  0  0]
 [ 0  0  0  0  0]
 [ 2  0  0  0  6]]
Validation index 8: Accuracy (2 dilutions): 0.8913043478260869
[[78  0  0  0  9]
 [ 0  0  0  0  0]
 [ 0  0  0  0  0]
 [ 0  0  0  1  0]
 [ 1  0  0  0  3]]
Validation index 9: Accuracy (2 dilutions): 0.8369565217391305
[[66  0  0  0 11]
 [ 0  0  0  0  0]
 [ 0  0  0  0  0]
 [ 1  0  0  0  0]
 [ 2  1  0  0 11]]
Accuracy (2 dilutions): 0.7902524544179523
[[65  0  0  0 16]
 [ 0  0  0  0  0]
 [ 0  0  0  0  0]
 [ 0  0  0  0  0]
 [ 2  0  0  0  6]]
[3.0, 4.0, 5.0, 6.0, 7.0]
KNN
Validation index 0: Accuracy (2 dilutions): 0.9247311827956989
[[83  0  0  0  1]
 [ 0  3  0  0  0]
 [ 0  0  0  0  0]
 [ 0  0  0  0  0]
 [ 6  0  0  0  0]]
Validation index 1: Accuracy (2 dilutions): 0.8387096774193549
[[74  0  0  0  6]
 [ 0  1  0  0  0]
 [ 0  0  0  0  0]
 [ 0  0  0  0  0]
 [ 9  0  0  0  3]]
Validation index 2: Accuracy (2 dilutions): 0.946236559139785
[[80  0  0  0  0]
 [ 0  2  0  0  0]
 [ 0  0  0  0  0]
 [ 0  0  0  0  0]
 [ 5  0  0  0  6]]
Validation index 3: Accuracy (2 dilutions): 0.9247311827956989
[[82  0  0  0  0]
 [ 0  3  0  0  0]
 [ 0  0  0  0  2]
 [ 0  0  0  0  0]
 [ 5  0  0  0  1]]
Validation index 4: Accuracy (2 dilutions): 0.9239130434782609
[[83  0  0  0  0]
 [ 0  1  0  0  0]
 [ 0  0  0  0  0]
 [ 0  0  0  0  0]
 [ 7  0  0  0  1]]
Validation index 5: Accuracy (2 dilutions): 0.9565217391304348
[[85  0  0  0  2]
 [ 0  1  0  0  0]
 [ 0  0  0  0  0]
 [ 0  0  0  0  0]
 [ 2  0  0  0  2]]
Validation index 6: Accuracy (2 dilutions): 0.9347826086956522
[[83  0  0  0  0]
 [ 0  0  0  0  0]
 [ 0  0  0  0  0]
 [ 0  0  0  0  0]
 [ 6  0  0  0  3]]
Validation index 7: Accuracy (2 dilutions): 0.9021739130434783
[[81  0  0  0  1]
 [ 0  0  0  0  1]
 [ 0  0  0  0  1]
 [ 0  0  0  0  0]
 [ 6  0  0  0  2]]
Validation index 8: Accuracy (2 dilutions): 0.967391304347826
[[85  0  0  0  2]
 [ 0  0  0  0  0]
 [ 0  0  0  0  0]
 [ 0  0  0  1  0]
 [ 1  0  0  0  3]]
Validation index 9: Accuracy (2 dilutions): 0.9021739130434783
[[77  0  0  0  0]
 [ 0  0  0  0  0]
 [ 0  0  0  0  0]
 [ 1  0  0  0  0]
 [ 8  0  0  0  6]]
Accuracy (2 dilutions): 0.9221365123889669
[[81  0  0  0  1]
 [ 0  1  0  0  0]
 [ 0  0  0  0  0]
 [ 0  0  0  0  0]
 [ 5  0  0  0  2]]
[3.0, 4.0, 5.0, 6.0, 7.0]