Start SALNAL
Got all the file
Start Naive Bayes
Accuracy: 0.32859848484848486
Accuracy (2 dilutions): 0.7793560606060606
(array([[  2,   0,   1,   0,   0,   0,   0],
       [  0, 160,   0,  50,   8,  23,   6],
       [ 25,   0, 628,   0,  69,  11,  28],
       [  2,   0,   0,  22,   0,   0,   1],
       [  0,   0,   2,   0,   2,   0,   0],
       [  0,   0,   2,   0,   0,   2,   0],
       [  0,   0,   2,   3,   0,   0,   7]]), [0.0, 1.0, 2.0, 3.0, 4.0, 5.0, 6.0])
Start KNN
Accuracy: 0.7604166666666666
Accuracy (2 dilutions): 0.9763257575757576
(array([[  2,   0,   1,   0,   0,   0,   0],
       [  0, 247,   0,   0,   0,   0,   0],
       [  0,   0, 761,   0,   0,   0,   0],
       [  0,   4,   0,  21,   0,   0,   0],
       [  0,   0,   4,   0,   0,   0,   0],
       [  0,   0,   4,   0,   0,   0,   0],
       [  0,   0,  12,   0,   0,   0,   0]]), [0.0, 1.0, 2.0, 3.0, 4.0, 5.0, 6.0])
Start SVM
Accuracy: 0.7632575757575758
Accuracy (2 dilutions): 0.978219696969697
(array([[  2,   0,   1,   0,   0,   0,   0],
       [  0, 247,   0,   0,   0,   0,   0],
       [  0,   0, 761,   0,   0,   0,   0],
       [  0,   3,   0,  22,   0,   0,   0],
       [  0,   0,   4,   0,   0,   0,   0],
       [  0,   0,   4,   0,   0,   0,   0],
       [  0,   0,  11,   0,   0,   0,   1]]), [0.0, 1.0, 2.0, 3.0, 4.0, 5.0, 6.0])
Start Decision tree
Accuracy: 0.6846590909090909
Accuracy (2 dilutions): 0.9630681818181819
(array([[  1,   0,   2,   0,   0,   0,   0],
       [  0, 239,   0,   7,   0,   0,   1],
       [  0,   0, 749,   0,   1,   3,   8],
       [  1,   1,   0,  23,   0,   0,   0],
       [  0,   3,   1,   0,   0,   0,   0],
       [  0,   0,   1,   1,   0,   2,   0],
       [  0,   0,   9,   0,   0,   0,   3]]), [0.0, 1.0, 2.0, 3.0, 4.0, 5.0, 6.0])
Start Random Forest
Accuracy: 0.7727272727272727
Accuracy (2 dilutions): 0.9839015151515151
(array([[  2,   0,   1,   0,   0,   0,   0],
       [  0, 247,   0,   0,   0,   0,   0],
       [  0,   0, 761,   0,   0,   0,   0],
       [  0,   2,   0,  23,   0,   0,   0],
       [  0,   1,   3,   0,   0,   0,   0],
       [  0,   0,   2,   0,   0,   2,   0],
       [  0,   0,   8,   0,   0,   0,   4]]), [0.0, 1.0, 2.0, 3.0, 4.0, 5.0, 6.0])
Start AdaBoost
Accuracy: 0.7367424242424242
Accuracy (2 dilutions): 0.9772727272727272
(array([[  2,   0,   1,   0,   0,   0,   0],
       [  0, 247,   0,   0,   0,   0,   0],
       [  0,   0, 761,   0,   0,   0,   0],
       [  0,   3,   0,  22,   0,   0,   0],
       [  0,   0,   4,   0,   0,   0,   0],
       [  0,   0,   4,   0,   0,   0,   0],
       [  0,   0,  12,   0,   0,   0,   0]]), [0.0, 1.0, 2.0, 3.0, 4.0, 5.0, 6.0])
Start Gradient Boosting
Accuracy: 0.7509469696969697
Accuracy (2 dilutions): 0.9706439393939393
(array([[  2,   0,   1,   0,   0,   0,   0],
       [  0, 245,   0,   1,   0,   0,   1],
       [  1,   0, 748,   0,   3,   0,   9],
       [  1,   2,   0,  22,   0,   0,   0],
       [  0,   0,   0,   0,   4,   0,   0],
       [  0,   0,   1,   0,   0,   3,   0],
       [  0,   0,  11,   0,   0,   0,   1]]), [0.0, 1.0, 2.0, 3.0, 4.0, 5.0, 6.0])