SALNAL
Naive Bayes
Validation index 0: Accuracy (2 dilutions): 0.6287878787878788
[[  0   0   1   0   0   0   0   0]
 [  0 115   0  21  20   7   6   0]
 [  3   0 207   0 118   3   6   0]
 [  0   0   0   4   0   0   0   0]
 [  0   0   1   0   2   0   0   0]
 [  0   0   1   0   0   3   0   0]
 [  0   0   9   0   0   0   1   0]
 [  0   0   0   0   0   0   0   0]]
Validation index 1: Accuracy (2 dilutions): 0.7954545454545454
[[  3   0   0   0   0   0   0   0]
 [  0  96   0  44   5   1   8   0]
 [  3   0 304   0  23   3  16   0]
 [  0   1   0  17   0   0   0   0]
 [  0   0   0   0   0   0   1   0]
 [  0   0   0   0   0   0   0   0]
 [  0   0   1   1   0   0   0   0]
 [  0   0   1   0   0   0   0   0]]
Validation index 2: Accuracy (2 dilutions): 0.8106060606060606
[[  0   0   0   0   0   0   0   0]
 [  0  90   0  21   1   0  11   0]
 [ 14   0 327   0  26   2  23   0]
 [  0   0   0   9   0   0   1   0]
 [  0   0   0   0   1   0   0   0]
 [  0   0   0   0   0   0   0   0]
 [  0   0   0   1   0   0   1   0]
 [  0   0   0   0   0   0   0   0]]
Validation index 3: Accuracy (2 dilutions): 0.7784090909090909
[[  3   0   0   0   0   0   0   0]
 [  0  87   0  19   3   0   6   0]
 [ 15   0 310   0  36   4  27   0]
 [  1   0   0  11   0   0   3   0]
 [  0   0   1   0   0   0   0   0]
 [  0   0   0   0   0   0   0   0]
 [  0   0   2   0   0   0   0   0]
 [  0   0   0   0   0   0   0   0]]
Validation index 4: Accuracy (2 dilutions): 0.8333333333333334
[[  2   0   0   2   0   0   0   0]
 [  0  92   0  19   2   0   2   0]
 [ 10   0 318   0  20   3  29   0]
 [  0   0   0  24   0   0   1   0]
 [  0   0   0   0   0   0   0   0]
 [  0   0   0   0   0   0   0   0]
 [  0   0   0   0   0   0   4   0]
 [  0   0   0   0   0   0   0   0]]
Validation index 5: Accuracy (2 dilutions): 0.7992424242424242
[[  0   0   0   0   0   0   0   0]
 [  0  92   0  29   5   0   8   0]
 [  4   0 307   0  27   3  24   0]
 [  0   1   0  19   0   0   1   0]
 [  0   0   0   0   1   0   0   0]
 [  0   0   1   0   0   0   0   0]
 [  0   0   2   1   0   0   3   0]
 [  0   0   0   0   0   0   0   0]]
Validation index 6: Accuracy (2 dilutions): 0.8371212121212122
[[  2   0   0   0   0   0   0   0]
 [  0  96   0  17   2   0  10   0]
 [  0   0 318   0  13   5  31   0]
 [  0   3   0  23   0   0   2   0]
 [  0   0   2   0   2   0   0   0]
 [  0   0   0   0   0   1   0   0]
 [  0   0   1   0   0   0   0   0]
 [  0   0   0   0   0   0   0   0]]
Validation index 7: Accuracy (2 dilutions): 0.8162878787878788
[[  0   0   0   0   0   0   0   0]
 [  0  78   0  13   2   1   9   0]
 [  5   0 334   0  34   4  25   0]
 [  0   1   0  17   0   0   3   0]
 [  0   0   0   0   1   0   0   0]
 [  0   0   0   0   0   0   0   0]
 [  0   0   0   0   0   0   1   0]
 [  0   0   0   0   0   0   0   0]]
Validation index 8: Accuracy (2 dilutions): 0.8026565464895635
[[  0   0   0   1   0   0   0   0]
 [  0 112   0  22   3   0   7   0]
 [  3   0 289   0  33  12  16   0]
 [  0   0   0  14   0   0   0   0]
 [  0   0   2   0   7   0   0   0]
 [  0   1   1   0   0   1   0   0]
 [  0   0   2   1   0   0   0   0]
 [  0   0   0   0   0   0   0   0]]
Validation index 9: Accuracy (2 dilutions): 0.7096774193548387
[[  0   0   1   1   0   0   0   0]
 [  0  83   0  24  15   0   9   0]
 [ 19   0 276   0  43   2  31   0]
 [  0   0   0  12   0   0   3   0]
 [  1   1   0   0   2   0   0   0]
 [  0   0   0   0   0   0   0   0]
 [  0   0   1   2   0   0   1   0]
 [  0   0   0   0   0   0   0   0]]
Accuracy (2 dilutions): 0.7811576390086826
[[  1   0   0   0   0   0   0   0]
 [  0  94   0  22   5   0   7   0]
 [  7   0 299   0  37   4  22   0]
 [  0   0   0  15   0   0   1   0]
 [  0   0   0   0   1   0   0   0]
 [  0   0   0   0   0   0   0   0]
 [  0   0   1   0   0   0   1   0]
 [  0   0   0   0   0   0   0   0]]
[0.0, 1.0, 2.0, 3.0, 4.0, 5.0, 6.0, 7.0]
KNN
Validation index 0: Accuracy (2 dilutions): 0.9659090909090909
[[  0   0   1   0   0   0   0   0]
 [  0 169   0   0   0   0   0   0]
 [  0   0 337   0   0   0   0   0]
 [  0   0   0   4   0   0   0   0]
 [  0   0   3   0   0   0   0   0]
 [  0   0   4   0   0   0   0   0]
 [  0   0  10   0   0   0   0   0]
 [  0   0   0   0   0   0   0   0]]
Validation index 1: Accuracy (2 dilutions): 0.9886363636363636
[[  2   0   1   0   0   0   0   0]
 [  0 154   0   0   0   0   0   0]
 [  0   0 349   0   0   0   0   0]
 [  0   1   0  17   0   0   0   0]
 [  0   0   1   0   0   0   0   0]
 [  0   0   0   0   0   0   0   0]
 [  0   0   2   0   0   0   0   0]
 [  0   0   1   0   0   0   0   0]]
Validation index 2: Accuracy (2 dilutions): 0.9943181818181818
[[  0   0   0   0   0   0   0   0]
 [  0 123   0   0   0   0   0   0]
 [  0   0 392   0   0   0   0   0]
 [  0   0   0  10   0   0   0   0]
 [  0   0   1   0   0   0   0   0]
 [  0   0   0   0   0   0   0   0]
 [  0   0   2   0   0   0   0   0]
 [  0   0   0   0   0   0   0   0]]
Validation index 3: Accuracy (2 dilutions): 0.9924242424242424
[[  3   0   0   0   0   0   0   0]
 [  0 115   0   0   0   0   0   0]
 [  0   0 392   0   0   0   0   0]
 [  0   1   0  14   0   0   0   0]
 [  0   0   1   0   0   0   0   0]
 [  0   0   0   0   0   0   0   0]
 [  0   0   2   0   0   0   0   0]
 [  0   0   0   0   0   0   0   0]]
Validation index 4: Accuracy (2 dilutions): 0.9867424242424242
[[  1   0   3   0   0   0   0   0]
 [  0 115   0   0   0   0   0   0]
 [  0   0 380   0   0   0   0   0]
 [  0   0   0  25   0   0   0   0]
 [  0   0   0   0   0   0   0   0]
 [  0   0   0   0   0   0   0   0]
 [  0   0   4   0   0   0   0   0]
 [  0   0   0   0   0   0   0   0]]
Validation index 5: Accuracy (2 dilutions): 0.9829545454545454
[[  0   0   0   0   0   0   0   0]
 [  0 134   0   0   0   0   0   0]
 [  0   0 365   0   0   0   0   0]
 [  0   1   0  20   0   0   0   0]
 [  0   0   1   0   0   0   0   0]
 [  0   0   1   0   0   0   0   0]
 [  0   0   6   0   0   0   0   0]
 [  0   0   0   0   0   0   0   0]]
Validation index 6: Accuracy (2 dilutions): 0.9829545454545454
[[  2   0   0   0   0   0   0   0]
 [  0 125   0   0   0   0   0   0]
 [  0   0 367   0   0   0   0   0]
 [  0   3   0  25   0   0   0   0]
 [  0   0   4   0   0   0   0   0]
 [  0   0   1   0   0   0   0   0]
 [  0   0   1   0   0   0   0   0]
 [  0   0   0   0   0   0   0   0]]
Validation index 7: Accuracy (2 dilutions): 0.9943181818181818
[[  0   0   0   0   0   0   0   0]
 [  0 103   0   0   0   0   0   0]
 [  0   0 402   0   0   0   0   0]
 [  0   1   0  20   0   0   0   0]
 [  0   0   1   0   0   0   0   0]
 [  0   0   0   0   0   0   0   0]
 [  0   0   1   0   0   0   0   0]
 [  0   0   0   0   0   0   0   0]]
Validation index 8: Accuracy (2 dilutions): 0.969639468690702
[[  0   0   1   0   0   0   0   0]
 [  0 144   0   0   0   0   0   0]
 [  0   0 353   0   0   0   0   0]
 [  0   0   0  14   0   0   0   0]
 [  0   0   9   0   0   0   0   0]
 [  0   1   2   0   0   0   0   0]
 [  0   0   3   0   0   0   0   0]
 [  0   0   0   0   0   0   0   0]]
Validation index 9: Accuracy (2 dilutions): 0.9791271347248577
[[  0   0   2   0   0   0   0   0]
 [  0 131   0   0   0   0   0   0]
 [  0   0 371   0   0   0   0   0]
 [  0   1   0  14   0   0   0   0]
 [  0   0   4   0   0   0   0   0]
 [  0   0   0   0   0   0   0   0]
 [  0   0   4   0   0   0   0   0]
 [  0   0   0   0   0   0   0   0]]
Accuracy (2 dilutions): 0.9837024179173135
[[  0   0   0   0   0   0   0   0]
 [  0 131   0   0   0   0   0   0]
 [  0   0 370   0   0   0   0   0]
 [  0   0   0  16   0   0   0   0]
 [  0   0   2   0   0   0   0   0]
 [  0   0   0   0   0   0   0   0]
 [  0   0   3   0   0   0   0   0]
 [  0   0   0   0   0   0   0   0]]
[0.0, 1.0, 2.0, 3.0, 4.0, 5.0, 6.0, 7.0]
Random Forest
Validation index 0: Accuracy (2 dilutions): 0.9715909090909091
[[  0   0   1   0   0   0   0   0]
 [  0 168   0   0   1   0   0   0]
 [  0   0 337   0   0   0   0   0]
 [  0   0   0   4   0   0   0   0]
 [  0   0   2   0   1   0   0   0]
 [  0   0   2   0   0   2   0   0]
 [  0   6   3   0   0   0   1   0]
 [  0   0   0   0   0   0   0   0]]
Validation index 1: Accuracy (2 dilutions): 0.9886363636363636
[[  3   0   0   0   0   0   0   0]
 [  0 153   0   1   0   0   0   0]
 [  0   0 349   0   0   0   0   0]
 [  0   1   0  17   0   0   0   0]
 [  0   0   1   0   0   0   0   0]
 [  0   0   0   0   0   0   0   0]
 [  0   0   2   0   0   0   0   0]
 [  0   0   1   0   0   0   0   0]]
Validation index 2: Accuracy (2 dilutions): 0.9962121212121212
[[  0   0   0   0   0   0   0   0]
 [  0 123   0   0   0   0   0   0]
 [  0   0 392   0   0   0   0   0]
 [  0   0   0  10   0   0   0   0]
 [  0   0   1   0   0   0   0   0]
 [  0   0   0   0   0   0   0   0]
 [  0   0   1   0   0   0   1   0]
 [  0   0   0   0   0   0   0   0]]
Validation index 3: Accuracy (2 dilutions): 0.9943181818181818
[[  3   0   0   0   0   0   0   0]
 [  0 115   0   0   0   0   0   0]
 [  0   0 392   0   0   0   0   0]
 [  0   0   0  15   0   0   0   0]
 [  0   0   1   0   0   0   0   0]
 [  0   0   0   0   0   0   0   0]
 [  0   0   2   0   0   0   0   0]
 [  0   0   0   0   0   0   0   0]]
Validation index 4: Accuracy (2 dilutions): 0.9867424242424242
[[  2   0   2   0   0   0   0   0]
 [  0 115   0   0   0   0   0   0]
 [  0   0 379   0   0   0   1   0]
 [  0   0   0  25   0   0   0   0]
 [  0   0   0   0   0   0   0   0]
 [  0   0   0   0   0   0   0   0]
 [  0   0   4   0   0   0   0   0]
 [  0   0   0   0   0   0   0   0]]
Validation index 5: Accuracy (2 dilutions): 0.9867424242424242
[[  0   0   0   0   0   0   0   0]
 [  0 134   0   0   0   0   0   0]
 [  0   0 365   0   0   0   0   0]
 [  0   2   0  19   0   0   0   0]
 [  0   0   0   0   1   0   0   0]
 [  0   0   1   0   0   0   0   0]
 [  0   1   3   0   0   0   2   0]
 [  0   0   0   0   0   0   0   0]]
Validation index 6: Accuracy (2 dilutions): 0.9829545454545454
[[  1   0   1   0   0   0   0   0]
 [  0 125   0   0   0   0   0   0]
 [  0   0 367   0   0   0   0   0]
 [  0   3   0  25   0   0   0   0]
 [  0   0   4   0   0   0   0   0]
 [  0   0   0   0   0   1   0   0]
 [  0   0   1   0   0   0   0   0]
 [  0   0   0   0   0   0   0   0]]
Validation index 7: Accuracy (2 dilutions): 0.9924242424242424
[[  0   0   0   0   0   0   0   0]
 [  0 103   0   0   0   0   0   0]
 [  0   0 402   0   0   0   0   0]
 [  0   2   0  19   0   0   0   0]
 [  0   0   1   0   0   0   0   0]
 [  0   0   0   0   0   0   0   0]
 [  0   0   1   0   0   0   0   0]
 [  0   0   0   0   0   0   0   0]]
Validation index 8: Accuracy (2 dilutions): 0.969639468690702
[[  0   0   1   0   0   0   0   0]
 [  0 144   0   0   0   0   0   0]
 [  0   0 353   0   0   0   0   0]
 [  0   0   0  14   0   0   0   0]
 [  0   0   9   0   0   0   0   0]
 [  0   1   2   0   0   0   0   0]
 [  0   0   3   0   0   0   0   0]
 [  0   0   0   0   0   0   0   0]]
Validation index 9: Accuracy (2 dilutions): 0.9829222011385199
[[  1   0   1   0   0   0   0   0]
 [  0 131   0   0   0   0   0   0]
 [  0   0 371   0   0   0   0   0]
 [  0   2   0  13   0   0   0   0]
 [  0   1   3   0   0   0   0   0]
 [  0   0   0   0   0   0   0   0]
 [  0   0   2   0   0   0   2   0]
 [  0   0   0   0   0   0   0   0]]
Accuracy (2 dilutions): 0.9852182881950433
[[  1   0   0   0   0   0   0   0]
 [  0 131   0   0   0   0   0   0]
 [  0   0 370   0   0   0   0   0]
 [  0   1   0  16   0   0   0   0]
 [  0   0   2   0   0   0   0   0]
 [  0   0   0   0   0   0   0   0]
 [  0   0   2   0   0   0   0   0]
 [  0   0   0   0   0   0   0   0]]
[0.0, 1.0, 2.0, 3.0, 4.0, 5.0, 6.0, 7.0]
Adaboost
Validation index 0: Accuracy (2 dilutions): 0.9659090909090909
[[  0   0   1   0   0   0   0   0]
 [  0 169   0   0   0   0   0   0]
 [  0   0 337   0   0   0   0   0]
 [  0   0   0   4   0   0   0   0]
 [  0   0   3   0   0   0   0   0]
 [  0   0   4   0   0   0   0   0]
 [  0   0  10   0   0   0   0   0]
 [  0   0   0   0   0   0   0   0]]
Validation index 1: Accuracy (2 dilutions): 0.990530303030303
[[  2   0   1   0   0   0   0   0]
 [  0 154   0   0   0   0   0   0]
 [  0   0 349   0   0   0   0   0]
 [  0   1   0  17   0   0   0   0]
 [  0   0   0   0   1   0   0   0]
 [  0   0   0   0   0   0   0   0]
 [  0   0   2   0   0   0   0   0]
 [  0   0   1   0   0   0   0   0]]
Validation index 2: Accuracy (2 dilutions): 0.9924242424242424
[[  0   0   0   0   0   0   0   0]
 [  0 123   0   0   0   0   0   0]
 [  0   0 392   0   0   0   0   0]
 [  0   1   0   9   0   0   0   0]
 [  0   0   1   0   0   0   0   0]
 [  0   0   0   0   0   0   0   0]
 [  0   0   2   0   0   0   0   0]
 [  0   0   0   0   0   0   0   0]]
Validation index 3: Accuracy (2 dilutions): 0.9924242424242424
[[  3   0   0   0   0   0   0   0]
 [  0 115   0   0   0   0   0   0]
 [  0   0 392   0   0   0   0   0]
 [  0   1   0  14   0   0   0   0]
 [  0   0   1   0   0   0   0   0]
 [  0   0   0   0   0   0   0   0]
 [  0   0   2   0   0   0   0   0]
 [  0   0   0   0   0   0   0   0]]
Validation index 4: Accuracy (2 dilutions): 0.9867424242424242
[[  1   0   3   0   0   0   0   0]
 [  0 115   0   0   0   0   0   0]
 [  0   0 380   0   0   0   0   0]
 [  0   0   0  25   0   0   0   0]
 [  0   0   0   0   0   0   0   0]
 [  0   0   0   0   0   0   0   0]
 [  0   0   4   0   0   0   0   0]
 [  0   0   0   0   0   0   0   0]]
Validation index 5: Accuracy (2 dilutions): 0.9810606060606061
[[  0   0   0   0   0   0   0   0]
 [  0 134   0   0   0   0   0   0]
 [  0   0 365   0   0   0   0   0]
 [  0   2   0  19   0   0   0   0]
 [  0   0   1   0   0   0   0   0]
 [  0   0   1   0   0   0   0   0]
 [  0   0   6   0   0   0   0   0]
 [  0   0   0   0   0   0   0   0]]
Validation index 6: Accuracy (2 dilutions): 0.9829545454545454
[[  2   0   0   0   0   0   0   0]
 [  0 125   0   0   0   0   0   0]
 [  0   0 367   0   0   0   0   0]
 [  0   3   0  25   0   0   0   0]
 [  0   0   4   0   0   0   0   0]
 [  0   0   1   0   0   0   0   0]
 [  0   0   1   0   0   0   0   0]
 [  0   0   0   0   0   0   0   0]]
Validation index 7: Accuracy (2 dilutions): 0.9943181818181818
[[  0   0   0   0   0   0   0   0]
 [  0 103   0   0   0   0   0   0]
 [  0   0 402   0   0   0   0   0]
 [  0   1   0  20   0   0   0   0]
 [  0   0   1   0   0   0   0   0]
 [  0   0   0   0   0   0   0   0]
 [  0   0   1   0   0   0   0   0]
 [  0   0   0   0   0   0   0   0]]
Validation index 8: Accuracy (2 dilutions): 0.969639468690702
[[  0   0   1   0   0   0   0   0]
 [  0 144   0   0   0   0   0   0]
 [  0   0 353   0   0   0   0   0]
 [  0   0   0  14   0   0   0   0]
 [  0   0   9   0   0   0   0   0]
 [  0   1   2   0   0   0   0   0]
 [  0   0   3   0   0   0   0   0]
 [  0   0   0   0   0   0   0   0]]
Validation index 9: Accuracy (2 dilutions): 0.9810246679316889
[[  0   0   2   0   0   0   0   0]
 [  0 131   0   0   0   0   0   0]
 [  0   0 371   0   0   0   0   0]
 [  0   0   0  15   0   0   0   0]
 [  0   1   3   0   0   0   0   0]
 [  0   0   0   0   0   0   0   0]
 [  0   0   4   0   0   0   0   0]
 [  0   0   0   0   0   0   0   0]]
Accuracy (2 dilutions): 0.9837027772986027
[[  0   0   0   0   0   0   0   0]
 [  0 131   0   0   0   0   0   0]
 [  0   0 370   0   0   0   0   0]
 [  0   0   0  16   0   0   0   0]
 [  0   0   2   0   0   0   0   0]
 [  0   0   0   0   0   0   0   0]
 [  0   0   3   0   0   0   0   0]
 [  0   0   0   0   0   0   0   0]]
[0.0, 1.0, 2.0, 3.0, 4.0, 5.0, 6.0, 7.0]