Start SALSTR
Got all the file
Start Naive Bayes
Accuracy: 0.5008944543828264
Accuracy (2 dilutions): 0.7942754919499105
(array([[  5,   0,   1,   0,   0,   0,   0],
       [  0,  31,   0,   1,   2,   0,   1],
       [  1,   0,  85,   0,   7,   4,   9],
       [  0,   0,   0,  30,   0,   1,   3],
       [  0,   4,   3,   0,   6,   0,   2],
       [  1,  13,   7,   8,   0, 136,   0],
       [  0,   5,  13,  19,  10,   0, 151]]), [1.0, 2.0, 3.0, 4.0, 5.0, 6.0, 7.0])
Start KNN
Accuracy: 0.5885509838998211
Accuracy (2 dilutions): 0.8461538461538461
(array([[  5,   0,   0,   0,   0,   1,   0],
       [  0,  29,   0,   0,   1,   5,   0],
       [  1,   0,  81,   0,   0,  12,  12],
       [  0,   0,   0,  25,   0,   2,   7],
       [  0,   1,   5,   0,   8,   0,   1],
       [  0,   3,  15,   0,   0, 147,   0],
       [  0,   3,  14,   2,   1,   0, 178]]), [1.0, 2.0, 3.0, 4.0, 5.0, 6.0, 7.0])
Start SVM
Accuracy: 0.6135957066189625
Accuracy (2 dilutions): 0.8747763864042934
(array([[  5,   0,   1,   0,   0,   0,   0],
       [  0,  32,   0,   0,   0,   0,   3],
       [  1,   0,  83,   0,   2,   4,  16],
       [  0,   0,   0,  21,   0,   3,  10],
       [  0,   1,   4,   0,   9,   0,   1],
       [  0,   1,  15,   0,   0, 149,   0],
       [  0,   0,   8,   0,   0,   0, 190]]), [1.0, 2.0, 3.0, 4.0, 5.0, 6.0, 7.0])
Start Decision tree
Accuracy: 0.592128801431127
Accuracy (2 dilutions): 0.9159212880143113
(array([[  4,   0,   2,   0,   0,   0,   0],
       [  0,  31,   0,   3,   1,   0,   0],
       [  0,   0,  90,   0,   3,   8,   5],
       [  0,   2,   0,  27,   0,   4,   1],
       [  0,   1,   2,   0,  12,   0,   0],
       [  1,   1,   2,   2,   0, 159,   0],
       [  0,   0,   3,   1,   5,   0, 189]]), [1.0, 2.0, 3.0, 4.0, 5.0, 6.0, 7.0])
Start Random Forest
Accuracy: 0.6601073345259392
Accuracy (2 dilutions): 0.9409660107334525
(array([[  5,   0,   1,   0,   0,   0,   0],
       [  0,  32,   0,   2,   0,   0,   1],
       [  0,   0,  95,   0,   3,   3,   5],
       [  0,   0,   0,  29,   0,   3,   2],
       [  0,   1,   3,   0,  11,   0,   0],
       [  1,   0,   4,   1,   0, 159,   0],
       [  0,   0,   3,   0,   0,   0, 195]]), [1.0, 2.0, 3.0, 4.0, 5.0, 6.0, 7.0])
Start AdaBoost
Accuracy: 0.5205724508050089
Accuracy (2 dilutions): 0.8676207513416816
(array([[  4,   0,   2,   0,   0,   0,   0],
       [  0,  34,   0,   0,   0,   0,   1],
       [  1,   0, 105,   0,   0,   0,   0],
       [  0,   0,   0,  33,   0,   0,   1],
       [  0,   0,   7,   0,   0,   0,   8],
       [  1,   0,  33,   0,   0, 131,   0],
       [  0,   0,  20,   0,   0,   0, 178]]), [1.0, 2.0, 3.0, 4.0, 5.0, 6.0, 7.0])
Start Gradient Boosting
Accuracy: 0.6654740608228981
Accuracy (2 dilutions): 0.9570661896243292
(array([[  5,   0,   1,   0,   0,   0,   0],
       [  0,  34,   0,   0,   1,   0,   0],
       [  0,   0, 101,   0,   2,   3,   0],
       [  0,   2,   0,  28,   0,   2,   2],
       [  0,   0,   4,   0,  11,   0,   0],
       [  0,   1,   3,   1,   0, 160,   0],
       [  0,   0,   1,   0,   1,   0, 196]]), [1.0, 2.0, 3.0, 4.0, 5.0, 6.0, 7.0])