SALTIO
Naive Bayes
Accuracy: 0.3683712121212121
Accuracy (2 dilutions): 0.7357954545454546
[[145   0   0  36   1  28  26]
 [  0   0   1   0   0   0   0]
 [  0  34 502   0   0  44  49]
 [  0   0   0  28   0   0   4]
 [  0   0   1   0   0   0   0]
 [  1   0   1   0   0  25   0]
 [  5  20  14  12   2   0  77]]
[-1.0, -2.0, 0.0, 1.0, 2.0, 3.0, 4.0]
KNN
Accuracy: 0.6723484848484849
Accuracy (2 dilutions): 0.8986742424242424
[[219   0   0   0   0   3  14]
 [  0   0   1   0   0   0   0]
 [  0   0 616   0   0   1  12]
 [  2   0   0  30   0   0   0]
 [  0   0   1   0   0   0   0]
 [  3   0   6   0   0  18   0]
 [ 18   0  46   0   0   0  66]]
[-1.0, -2.0, 0.0, 1.0, 2.0, 3.0, 4.0]
SVM
Accuracy: 0.7121212121212122
Accuracy (2 dilutions): 0.9356060606060607
[[226   0   0   0   0   3   7]
 [  0   0   1   0   0   0   0]
 [  0   0 621   0   0   1   7]
 [  0   0   0  32   0   0   0]
 [  0   0   1   0   0   0   0]
 [  1   0   5   0   0  21   0]
 [  3   0  39   0   0   0  88]]
[-1.0, -2.0, 0.0, 1.0, 2.0, 3.0, 4.0]
Decision Tree
Accuracy: 0.6846590909090909
Accuracy (2 dilutions): 0.9753787878787878
[[233   0   0   2   0   0   1]
 [  0   0   1   0   0   0   0]
 [  0   1 623   0   0   1   4]
 [  7   0   0  24   0   0   1]
 [  0   0   0   0   1   0   0]
 [  0   0   0   0   0  27   0]
 [  3   0   5   0   0   0 122]]
[-1.0, -2.0, 0.0, 1.0, 2.0, 3.0, 4.0]
Random Forest
Accuracy: 0.7566287878787878
Accuracy (2 dilutions): 0.9829545454545454
[[235   0   0   0   0   0   1]
 [  0   0   1   0   0   0   0]
 [  0   0 627   0   0   0   2]
 [  3   0   0  29   0   0   0]
 [  0   0   1   0   0   0   0]
 [  0   0   0   0   0  27   0]
 [  0   0  10   0   0   0 120]]
[-1.0, -2.0, 0.0, 1.0, 2.0, 3.0, 4.0]
AdaBoost
Accuracy: 0.7035984848484849
Accuracy (2 dilutions): 0.9820075757575757
[[235   0   0   0   0   0   1]
 [  0   0   1   0   0   0   0]
 [  0   0 627   0   0   0   2]
 [  0   0   0  32   0   0   0]
 [  0   0   1   0   0   0   0]
 [  0   0   0   0   0  27   0]
 [  0   0   7   0   7   0 116]]
[-1.0, -2.0, 0.0, 1.0, 2.0, 3.0, 4.0]
GradientBoost
Accuracy: 0.7575757575757576
Accuracy (2 dilutions): 0.9829545454545454
[[234   0   0   1   0   0   1]
 [  0   0   1   0   0   0   0]
 [  0   1 624   0   1   0   3]
 [  1   0   0  31   0   0   0]
 [  0   0   1   0   0   0   0]
 [  0   0   0   0   0  27   0]
 [  0   0   7   1   0   0 122]]
[-1.0, -2.0, 0.0, 1.0, 2.0, 3.0, 4.0]