SALTET
Naive Bayes
Accuracy: 0.6136363636363636
Accuracy (2 dilutions): 0.7537878787878788
[[286   0  42  45  94]
 [  0   7   0   0   0]
 [  0   0   5   0   0]
 [  3   0   0  29   0]
 [ 49  21   6   0 469]]
[2.0, 3.0, 4.0, 5.0, 6.0]
KNN
Accuracy: 0.8607954545454546
Accuracy (2 dilutions): 0.8863636363636364
[[425   0   0   4  38]
 [  0   7   0   0   0]
 [  1   0   3   0   1]
 [  4   0   0  28   0]
 [ 72   0   0   0 473]]
[2.0, 3.0, 4.0, 5.0, 6.0]
SVM
Accuracy: 0.884469696969697
Accuracy (2 dilutions): 0.9081439393939394
[[429   0   0   2  36]
 [  0   7   0   0   0]
 [  1   0   2   0   2]
 [  7   0   0  25   0]
 [ 49   0   0   0 496]]
[2.0, 3.0, 4.0, 5.0, 6.0]
Decision Tree
Accuracy: 0.9299242424242424
Accuracy (2 dilutions): 0.9649621212121212
[[443   0   1   2  21]
 [  0   7   0   0   0]
 [  1   0   4   0   0]
 [  1   0   0  31   0]
 [ 11   0   0   0 534]]
[2.0, 3.0, 4.0, 5.0, 6.0]
Random Forest
Accuracy: 0.9441287878787878
Accuracy (2 dilutions): 0.9687499999999999
[[452   0   0   2  13]
 [  0   7   0   0   0]
 [  2   0   2   0   1]
 [  3   0   0  29   0]
 [ 11   0   1   0 533]]
[2.0, 3.0, 4.0, 5.0, 6.0]
AdaBoost
Accuracy: 0.8418560606060606
Accuracy (2 dilutions): 0.9024621212121211
[[403   0   0  19  45]
 [  0   3   0   0   4]
 [  1   0   0   0   4]
 [  1   0   0  31   0]
 [ 25   4   0   0 516]]
[2.0, 3.0, 4.0, 5.0, 6.0]
GradientBoost
Accuracy: 0.9393939393939394
Accuracy (2 dilutions): 0.9696969696969697
[[448   0   2   1  16]
 [  0   7   0   0   0]
 [  1   0   3   0   1]
 [  1   0   0  31   0]
 [  7   2   1   0 535]]
[2.0, 3.0, 4.0, 5.0, 6.0]