SALTIO
Naive Bayes
Validation index 0: Accuracy (2 dilutions): 0.7708333333333334
[[  1   0   1   0   0   0   0]
 [  0  62   0  37   0  11   5]
 [  8   0 303   0   0  12  21]
 [  0   0   0  10   0   0   0]
 [  0   0   2   0   0   0   0]
 [  0   0   0   0   0   9   0]
 [  5   2  17   0   0   0  22]]
Validation index 1: Accuracy (2 dilutions): 0.7140151515151515
[[  0   0   2   0   0   0   0]
 [  0  83   0  21   0  16  19]
 [ 17   0 208   0   0  20  31]
 [  0   0   0  12   0   0   0]
 [  0   1   0   0   0   0   0]
 [  0   2   0   0   0  23   0]
 [  6   6   8   2   0   0  51]]
Validation index 2: Accuracy (2 dilutions): 0.7481060606060606
[[  0   0   0   0   0   0   0]
 [  0  80   0  24   0   9  18]
 [ 15   0 240   0   1  20  31]
 [  1   0   0  15   0   1   0]
 [  0   0   0   0   1   0   0]
 [  0   0   0   0   0  21   0]
 [  5   0   5   2   1   0  38]]
Validation index 3: Accuracy (2 dilutions): 0.759469696969697
[[  2   0   0   0   0   0   0]
 [  0  85   0  15   0  12   9]
 [ 16   0 244   0   0  19  35]
 [  0   0   0  14   0   0   1]
 [  0   0   0   0   0   0   0]
 [  0   0   0   0   0  10   0]
 [  0   0  14   4   2   0  46]]
Validation index 4: Accuracy (2 dilutions): 0.7329545454545454
[[  0   0   0   0   0   0   0]
 [  0  58   0  21   0  10   5]
 [ 13   0 248   0   0  20  35]
 [  2   0   0  11   0   0   2]
 [  0   0   0   0   1   0   0]
 [  0   1   0   0   0   5   0]
 [ 20   2   7   3   0   0  64]]
Validation index 5: Accuracy (2 dilutions): 0.7537878787878788
[[  1   0   0   0   0   0   0]
 [  0  83   0  27   0  14  12]
 [ 12   0 246   0   0  22  30]
 [  0   1   0  20   0   0   0]
 [  0   0   1   0   0   0   0]
 [  0   1   0   1   0  15   0]
 [  1   0   4   4   0   0  33]]
Validation index 6: Accuracy (2 dilutions): 0.7935606060606061
[[  1   0   0   0   0   0   0]
 [  0 106   0  18   0  16  10]
 [  5   0 248   0   0  19  24]
 [  0   0   0  17   0   0   1]
 [  0   0   0   0   1   0   0]
 [  0   0   1   0   0  12   0]
 [  2   0   9   1   3   0  34]]
Validation index 7: Accuracy (2 dilutions): 0.7632575757575758
[[  1   0   0   0   0   0   0]
 [  0  92   0   8   0  14   5]
 [ 19   0 241   0   0  22  33]
 [  0   1   0  18   0   0   4]
 [  0   0   0   0   0   0   0]
 [  0   0   0   0   0   8   0]
 [  5   1   8   3   2   0  43]]
Validation index 8: Accuracy (2 dilutions): 0.7552182163187856
[[  1   0   0   0   0   0   0]
 [  0  69   0  23   0  19  17]
 [ 12   0 265   0   0  18  16]
 [  0   0   0  10   0   1   0]
 [  0   0   1   0   0   0   0]
 [  0   1   0   0   0  20   0]
 [ 11   3   5   2   0   0  33]]
Validation index 9: Accuracy (2 dilutions): 0.6660341555977229
[[  0   0   0   0   0   0   0]
 [  0  86   0  37   2   7  20]
 [ 23   0 199   0   0  31  23]
 [  0   0   0  15   0   0   0]
 [  0   0   0   0   0   0   0]
 [  0   0   1   0   0  10   0]
 [ 12   2  13   3   2   0  41]]
Accuracy (2 dilutions): 0.7457237220401358
[[  0   0   0   0   0   0   0]
 [  0  80   0  23   0  12  12]
 [ 14   0 244   0   0  20  27]
 [  0   0   0  14   0   0   0]
 [  0   0   0   0   0   0   0]
 [  0   0   0   0   0  13   0]
 [  6   1   9   2   1   0  40]]
[-2.0, -1.0, 0.0, 1.0, 2.0, 3.0, 4.0]
KNN
Validation index 0: Accuracy (2 dilutions): 0.928030303030303
[[  1   0   1   0   0   0   0]
 [  0 113   0   0   0   1   1]
 [  0   0 341   0   0   0   3]
 [  0   2   0   8   0   0   0]
 [  0   0   1   0   0   0   1]
 [  0   0   2   0   0   7   0]
 [  0   5  21   0   0   0  20]]
Validation index 1: Accuracy (2 dilutions): 0.8958333333333334
[[  0   0   2   0   0   0   0]
 [  0 131   0   0   0   2   6]
 [  0   0 268   0   0   2   6]
 [  0   0   0  12   0   0   0]
 [  0   1   0   0   0   0   0]
 [  0   4   3   0   0  18   0]
 [  0  11  18   0   0   0  44]]
Validation index 2: Accuracy (2 dilutions): 0.9299242424242424
[[  0   0   0   0   0   0   0]
 [  0 129   0   0   0   0   2]
 [  0   0 302   0   0   0   5]
 [  0   1   0  16   0   0   0]
 [  0   0   0   0   1   0   0]
 [  0   2   7   0   0  12   0]
 [  0   8  12   0   0   0  31]]
Validation index 3: Accuracy (2 dilutions): 0.9053030303030303
[[  2   0   0   0   0   0   0]
 [  0 112   0   0   0   1   8]
 [  0   0 308   0   0   2   4]
 [  0   1   0  14   0   0   0]
 [  0   0   0   0   0   0   0]
 [  0   0   2   0   0   8   0]
 [  0   8  24   0   0   0  34]]
Validation index 4: Accuracy (2 dilutions): 0.9128787878787878
[[  0   0   0   0   0   0   0]
 [  0  91   0   0   0   0   3]
 [  0   0 311   0   0   1   4]
 [  0   3   0  12   0   0   0]
 [  0   0   1   0   0   0   0]
 [  0   1   1   0   0   4   0]
 [  0  10  22   0   0   0  64]]
Validation index 5: Accuracy (2 dilutions): 0.9242424242424242
[[  1   0   0   0   0   0   0]
 [  0 128   0   0   0   2   6]
 [  0   0 305   0   0   1   4]
 [  0   1   0  20   0   0   0]
 [  0   0   1   0   0   0   0]
 [  0   5   3   0   0   9   0]
 [  0   4  13   0   0   0  25]]
Validation index 6: Accuracy (2 dilutions): 0.9204545454545454
[[  1   0   0   0   0   0   0]
 [  0 142   0   0   0   0   8]
 [  0   0 293   0   0   0   3]
 [  0   0   0  18   0   0   0]
 [  0   1   0   0   0   0   0]
 [  0   1   3   0   0   9   0]
 [  0   4  22   0   0   0  23]]
Validation index 7: Accuracy (2 dilutions): 0.9375
[[  1   0   0   0   0   0   0]
 [  0 115   0   0   0   1   3]
 [  0   0 308   0   0   0   7]
 [  0   1   0  22   0   0   0]
 [  0   0   0   0   0   0   0]
 [  0   0   2   0   0   6   0]
 [  0   5  14   0   0   0  43]]
Validation index 8: Accuracy (2 dilutions): 0.9127134724857685
[[  0   0   1   0   0   0   0]
 [  0 119   0   0   0   1   8]
 [  0   0 304   0   0   1   6]
 [  0   0   0  10   0   0   1]
 [  0   0   1   0   0   0   0]
 [  0   1   4   0   0  16   0]
 [  0   4  18   0   0   0  32]]
Validation index 9: Accuracy (2 dilutions): 0.9089184060721063
[[  0   0   0   0   0   0   0]
 [  0 149   0   0   0   0   3]
 [  0   0 268   0   0   1   7]
 [  0   0   0  15   0   0   0]
 [  0   0   0   0   0   0   0]
 [  0   2   2   0   0   7   0]
 [  0  11  22   0   0   0  40]]
Accuracy (2 dilutions): 0.9175798545224542
[[  0   0   0   0   0   0   0]
 [  0 122   0   0   0   0   4]
 [  0   0 300   0   0   0   4]
 [  0   0   0  14   0   0   0]
 [  0   0   0   0   0   0   0]
 [  0   1   2   0   0   9   0]
 [  0   7  18   0   0   0  35]]
[-2.0, -1.0, 0.0, 1.0, 2.0, 3.0, 4.0]
Random Forest
Validation index 0: Accuracy (2 dilutions): 0.9791666666666666
[[  1   0   1   0   0   0   0]
 [  0 115   0   0   0   0   0]
 [  0   0 344   0   0   0   0]
 [  0   2   0   8   0   0   0]
 [  0   0   2   0   0   0   0]
 [  0   0   0   0   0   9   0]
 [  0   0   6   0   0   0  40]]
Validation index 1: Accuracy (2 dilutions): 0.9924242424242424
[[  0   0   2   0   0   0   0]
 [  0 138   0   0   0   0   1]
 [  0   0 276   0   0   0   0]
 [  0   0   0  12   0   0   0]
 [  0   0   0   0   1   0   0]
 [  0   0   0   0   0  25   0]
 [  0   0   1   0   0   0  72]]
Validation index 2: Accuracy (2 dilutions): 0.9943181818181818
[[  0   0   0   0   0   0   0]
 [  0 131   0   0   0   0   0]
 [  0   0 307   0   0   0   0]
 [  0   1   0  16   0   0   0]
 [  0   0   0   0   1   0   0]
 [  0   0   0   0   0  21   0]
 [  0   0   2   0   0   0  49]]
Validation index 3: Accuracy (2 dilutions): 0.9867424242424242
[[  2   0   0   0   0   0   0]
 [  0 121   0   0   0   0   0]
 [  0   0 313   0   0   0   1]
 [  0   1   0  14   0   0   0]
 [  0   0   0   0   0   0   0]
 [  0   0   0   0   0  10   0]
 [  0   0   5   0   0   0  61]]
Validation index 4: Accuracy (2 dilutions): 0.9848484848484849
[[  0   0   0   0   0   0   0]
 [  0  94   0   0   0   0   0]
 [  0   0 315   0   0   1   0]
 [  0   2   0  13   0   0   0]
 [  0   0   1   0   0   0   0]
 [  0   0   0   0   0   6   0]
 [  0   0   4   0   0   0  92]]
Validation index 5: Accuracy (2 dilutions): 0.9848484848484849
[[  1   0   0   0   0   0   0]
 [  0 136   0   0   0   0   0]
 [  0   0 307   0   0   1   2]
 [  0   1   0  20   0   0   0]
 [  0   0   1   0   0   0   0]
 [  0   1   0   0   0  16   0]
 [  0   0   2   0   0   0  40]]
Validation index 6: Accuracy (2 dilutions): 0.9886363636363636
[[  1   0   0   0   0   0   0]
 [  0 149   0   0   0   0   1]
 [  0   0 296   0   0   0   0]
 [  0   2   0  16   0   0   0]
 [  0   0   0   0   1   0   0]
 [  0   0   0   0   0  13   0]
 [  0   1   2   0   0   0  46]]
Validation index 7: Accuracy (2 dilutions): 0.9867424242424242
[[  0   0   1   0   0   0   0]
 [  0 118   0   0   0   0   1]
 [  0   0 313   0   0   0   2]
 [  0   1   0  22   0   0   0]
 [  0   0   0   0   0   0   0]
 [  0   0   0   0   0   8   0]
 [  0   0   2   0   0   0  60]]
Validation index 8: Accuracy (2 dilutions): 0.9924098671726755
[[  0   0   1   0   0   0   0]
 [  0 128   0   0   0   0   0]
 [  0   0 310   0   0   0   1]
 [  0   0   0  11   0   0   0]
 [  0   0   0   0   0   0   1]
 [  0   0   0   0   0  21   0]
 [  0   0   1   0   0   0  53]]
Validation index 9: Accuracy (2 dilutions): 0.9924098671726755
[[  0   0   0   0   0   0   0]
 [  0 152   0   0   0   0   0]
 [  0   0 276   0   0   0   0]
 [  0   0   0  15   0   0   0]
 [  0   0   0   0   0   0   0]
 [  0   0   1   0   0  10   0]
 [  0   0   3   0   0   0  70]]
Accuracy (2 dilutions): 0.9882547007072624
[[  0   0   0   0   0   0   0]
 [  0 128   0   0   0   0   0]
 [  0   0 305   0   0   0   0]
 [  0   1   0  14   0   0   0]
 [  0   0   0   0   0   0   0]
 [  0   0   0   0   0  13   0]
 [  0   0   2   0   0   0  58]]
[-2.0, -1.0, 0.0, 1.0, 2.0, 3.0, 4.0]
Adaboost
Validation index 0: Accuracy (2 dilutions): 0.9829545454545454
[[  0   0   2   0   0   0   0]
 [  0 115   0   0   0   0   0]
 [  0   0 344   0   0   0   0]
 [  0   0   0  10   0   0   0]
 [  0   0   2   0   0   0   0]
 [  0   0   0   0   0   9   0]
 [  0   0   4   0   1   0  41]]
Validation index 1: Accuracy (2 dilutions): 0.9810606060606061
[[  0   0   2   0   0   0   0]
 [  0 138   0   0   0   0   1]
 [  0   0 276   0   0   0   0]
 [  0   0   0  12   0   0   0]
 [  0   0   0   0   0   0   1]
 [  0   0   0   0   0  25   0]
 [  0   0   1   0   5   0  67]]
Validation index 2: Accuracy (2 dilutions): 0.9886363636363636
[[  0   0   0   0   0   0   0]
 [  0 131   0   0   0   0   0]
 [  0   0 307   0   0   0   0]
 [  0   0   0  17   0   0   0]
 [  0   0   0   0   0   0   1]
 [  0   0   1   0   0  20   0]
 [  0   0   2   0   2   0  47]]
Validation index 3: Accuracy (2 dilutions): 0.9848484848484849
[[  0   0   2   0   0   0   0]
 [  0 121   0   0   0   0   0]
 [  0   0 312   0   0   0   2]
 [  0   0   0  15   0   0   0]
 [  0   0   0   0   0   0   0]
 [  0   0   0   0   0  10   0]
 [  0   0   3   0   1   0  62]]
Validation index 4: Accuracy (2 dilutions): 0.9867424242424242
[[  0   0   0   0   0   0   0]
 [  0  93   0   0   1   0   0]
 [  0   0 315   0   0   0   1]
 [  0   0   0  15   0   0   0]
 [  0   0   1   0   0   0   0]
 [  0   0   0   0   0   6   0]
 [  0   0   4   0   0   0  92]]
Validation index 5: Accuracy (2 dilutions): 0.9848484848484849
[[  0   0   1   0   0   0   0]
 [  0 136   0   0   0   0   0]
 [  0   0 307   0   0   0   3]
 [  0   0   0  21   0   0   0]
 [  0   0   1   0   0   0   0]
 [  0   0   1   0   0  16   0]
 [  0   0   2   0   0   0  40]]
Validation index 6: Accuracy (2 dilutions): 0.9886363636363636
[[  0   0   1   0   0   0   0]
 [  0 149   0   0   0   0   1]
 [  0   0 296   0   0   0   0]
 [  0   0   0  18   0   0   0]
 [  0   0   0   0   0   0   1]
 [  0   0   0   0   0  13   0]
 [  0   0   1   0   2   0  46]]
Validation index 7: Accuracy (2 dilutions): 0.9810606060606061
[[  0   0   1   0   0   0   0]
 [  0 118   0   0   0   0   1]
 [  0   0 313   0   0   0   2]
 [  0   0   0  23   0   0   0]
 [  0   0   0   0   0   0   0]
 [  0   0   0   0   0   8   0]
 [  0   0   3   0   3   0  56]]
Validation index 8: Accuracy (2 dilutions): 0.9905123339658444
[[  0   0   1   0   0   0   0]
 [  0 128   0   0   0   0   0]
 [  0   0 310   0   0   0   1]
 [  0   0   0  11   0   0   0]
 [  0   0   0   0   0   0   1]
 [  0   0   0   0   0  21   0]
 [  0   0   1   0   1   0  52]]
Validation index 9: Accuracy (2 dilutions): 0.9962049335863378
[[  0   0   0   0   0   0   0]
 [  0 152   0   0   0   0   0]
 [  0   0 276   0   0   0   0]
 [  0   0   0  15   0   0   0]
 [  0   0   0   0   0   0   0]
 [  0   0   1   0   0  10   0]
 [  0   0   1   0   0   0  72]]
Accuracy (2 dilutions): 0.9865505146340061
[[  0   0   1   0   0   0   0]
 [  0 128   0   0   0   0   0]
 [  0   0 305   0   0   0   0]
 [  0   0   0  15   0   0   0]
 [  0   0   0   0   0   0   0]
 [  0   0   0   0   0  13   0]
 [  0   0   2   0   1   0  57]]
[-2.0, -1.0, 0.0, 1.0, 2.0, 3.0, 4.0]